2026-01-25T21:44:30.014781, advanced_fraction_comparison_hard, 36.16, 0.000, 1.00, Which is smaller: 1/2 or 1/8?, 1/8, 1/8
2026-01-25T21:44:35.454042, advanced_fraction_comparison_hard, 4.38, 0.000, 1.00, Which is smaller: 2/3 or 7/9?, 2/3, 2/3
2026-01-25T21:44:39.818112, fraction_comparison, 2.05, 0.000, 1.00, Which is smaller: 4/9 or 7/8?, 4/9, 4/9
2026-01-25T21:44:43.989946, multiplication_choice, 3.31, 0.000, 1.00, What is 3 × 4 ?, 12, 12
2026-01-25T21:44:47.907105, multiplication_choice, 3.16, 0.000, 1.00, What is 5 × 7 ?, 35, 35
2026-01-25T21:44:52.772342, number_line, 4.00, 0.008, 1.00, Click where you think 0.11 is, 0.11, 0.11833333333333333
2026-01-25T21:44:59.340537, fraction_comparison, 3.97, 0.000, 1.00, Which is larger: 1/2 or 1/8?, 1/2, 1/2
2026-01-25T21:45:03.189647, multiplication_choice, 2.45, 0.000, 1.00, What is 3 × 3 ?, 9, 9
2026-01-25T21:45:07.519644, number_line, 2.76, 0.005, 1.00, Click where you think 0.27 is, 0.27, 0.265
2026-01-25T21:45:17.705870, fraction_comparison, 6.63, 0.000, 1.00, Which is smaller: 4/5 or 1/3?, 1/3, 1/3
2026-01-25T21:45:24.852554, multiplication_choice, 6.17, 1.000, 0.00, What is 6 × 3 ?, 18, 19
2026-01-25T21:45:48.078203, fraction_comparison, 20.92, 0.050, 0.00, Which is larger: 1/5 or 1/4?, 1/4, 1/5
2026-01-25T21:45:52.223484, advanced_fraction_comparison_hard, 2.77, 0.000, 1.00, Which is smaller: 5/6 or 1/2?, 1/2, 1/2
2026-01-25T21:46:14.263668, multiplication_choice, 21.20, 3.000, 0.00, What is 6 × 4 ?, 24, 21
2026-01-25T21:46:24.299079, multiplication_choice, 8.87, 0.000, 1.00, What is 5 × 4 ?, 20, 20
2026-01-25T21:46:26.894482, advanced_fraction_comparison_hard, 1.93, 0.100, 0.00, Which is smaller: 3/5 or 1/2?, 1/2, 3/5
2026-01-25T21:46:30.632705, multiplication_choice, 1.35, 0.000, 1.00, What is 5 × 4 ?, 20, 20
2026-01-25T21:46:34.021220, number_line, 2.83, 0.010, 0.80, Click where you think 0.56 is, 0.56, 0.55
2026-01-25T21:46:41.150812, number_line, 3.38, 0.053, 0.60, Click where you think 10/11 is, 0.9090909090909091, 0.9616666666666667
2026-01-25T21:46:48.999588, multiplication_choice, 5.72, 0.000, 1.00, What is 3 × 5 ?, 15, 15
2026-01-25T21:46:56.180666, advanced_fraction_comparison_hard, 6.32, 0.333, 0.00, Which is smaller: 1/3 or 2/3?, 1/3, 2/3
2026-01-25T21:47:00.260271, fraction_comparison, 2.17, 0.000, 1.00, Which is smaller: 4/5 or 1/3?, 1/3, 1/3
2026-01-25T21:47:04.310582, number_line, 3.22, 0.033, 0.80, Click where you think 14/15 is, 0.9333333333333333, 0.9
2026-01-25T21:47:30.746252, number_line, 25.20, 0.005, 1.00, Click where you think 0.26 is, 0.26, 0.265
2026-01-25T21:47:44.414413, multiplication_choice, 5.41, 3.000, 0.00, What is 7 × 5 ?, 35, 32
2026-01-25T21:47:50.601758, multiplication_choice, 2.51, 0.000, 1.00, What is 5 × 2 ?, 10, 10
2026-01-25T21:47:54.864450, number_line, 3.20, 0.017, 0.80, Click where you think 0.67 is, 0.67, 0.6533333333333333
2026-01-25T21:48:02.614483, multiplication_choice, 4.81, 0.000, 1.00, What is 5 × 6 ?, 30, 30
2026-01-25T21:48:07.302337, fraction_comparison, 3.23, 0.000, 1.00, Which is smaller: 1/10 or 1/3?, 1/10, 1/10
2026-01-25T21:48:12.838125, number_line, 4.49, 0.000, 1.00, Click where you think 0.7 is, 0.7, 0.7
2026-01-25T21:48:34.052494, number_line, 3.57, 0.017, 0.80, Click where you think 0.88 is, 0.88, 0.8633333333333333
2026-01-25T21:48:38.479277, fraction_comparison, 1.17, 0.000, 1.00, Which is smaller: 1/2 or 4/9?, 4/9, 4/9
2026-01-25T21:48:42.282536, fraction_comparison, 1.84, 0.000, 1.00, Which is smaller: 1/5 or 4/5?, 1/5, 1/5
2026-01-25T21:49:15.131940, fraction_comparison, 31.93, 0.000, 1.00, Which is smaller: 1/9 or 4/5?, 1/9, 1/9
2026-01-25T21:49:21.926536, fraction_comparison, 5.87, 0.000, 1.00, Which is smaller: 2/3 or 3/4?, 2/3, 2/3
2026-01-25T21:49:26.536396, multiplication_choice, 3.12, 0.000, 1.00, What is 3 × 2 ?, 6, 6
2026-01-25T21:49:34.965888, multiplication_choice, 6.49, 0.000, 1.00, What is 2 × 4 ?, 8, 8
2026-01-25T21:49:38.485569, multiplication_choice, 2.35, 0.000, 1.00, What is 4 × 5 ?, 20, 20
2026-01-25T21:49:47.276753, multiplication_choice, 6.77, 0.000, 1.00, What is 2 × 3 ?, 6, 6
2026-01-25T21:49:50.912543, number_line, 2.55, 0.029, 0.80, Click where you think 10/13 is, 0.7692307692307693, 0.7983333333333333
2026-01-25T21:50:00.340515, fraction_comparison, 3.96, 0.000, 1.00, Which is smaller: 7/9 or 3/4?, 3/4, 3/4
2026-01-25T21:50:04.543201, multiplication_choice, 2.35, 0.000, 1.00, What is 4 × 5 ?, 20, 20
2026-01-25T21:50:09.407851, fraction_comparison, 3.88, 0.000, 1.00, Which is larger: 1/2 or 2/3?, 2/3, 2/3
2026-01-25T21:50:12.631840, multiplication_choice, 2.35, 0.000, 1.00, What is 5 × 5 ?, 25, 25
2026-01-25T21:50:54.086717, multiplication_choice, 39.21, 0.000, 1.00, What is 3 × 6 ?, 18, 18
2026-01-25T21:50:57.483902, multiplication_choice, 2.21, 0.000, 1.00, What is 5 × 5 ?, 25, 25
2026-01-25T21:51:02.475943, advanced_fraction_comparison_hard, 4.16, 0.000, 1.00, Which is smaller: 3/10 or 3/4?, 3/10, 3/10
2026-01-25T21:51:06.798871, fraction_comparison, 3.42, 0.000, 1.00, Which is smaller: 5/8 or 9/10?, 5/8, 5/8
2026-01-25T21:51:11.073891, fraction_comparison, 3.46, 0.000, 1.00, Which is smaller: 1/3 or 5/8?, 1/3, 1/3
2026-01-25T21:51:18.366128, multiplication_choice, 5.77, 0.000, 1.00, What is 6 × 2 ?, 12, 12
2026-01-25T21:51:24.977612, advanced_fraction_comparison_hard, 4.51, 0.000, 1.00, Which is smaller: 8/9 or 1/2?, 1/2, 1/2
2026-01-25T21:51:56.903857, multiplication_choice, 30.36, 0.000, 1.00, What is 6 × 5 ?, 30, 30
2026-01-25T21:52:04.570400, multiplication_choice, 6.63, 0.000, 1.00, What is 5 × 4 ?, 20, 20
2026-01-25T21:52:48.573577, advanced_fraction_comparison_hard, 42.10, 0.000, 1.00, Which is larger: 1/5 or 1/3?, 1/3, 1/3
2026-01-25T21:53:05.048101, advanced_fraction_comparison_hard, 15.70, 0.000, 1.00, Which is larger: 5/12 or 1/2?, 1/2, 1/2
2026-01-25T21:53:09.181147, number_line, 2.95, 0.123, 0.30, Click where you think 2/11 is, 0.18181818181818182, 0.305
2026-01-25T21:53:15.624503, multiplication_choice, 3.46, 1.000, 0.00, What is 7 × 4 ?, 28, 27
2026-01-25T21:53:21.026692, multiplication_choice, 2.47, 0.000, 1.00, What is 2 × 2 ?, 4, 4
2026-01-25T21:53:27.556861, advanced_fraction_comparison_hard, 5.06, 0.000, 1.00, Which is smaller: 5/6 or 1/12?, 1/12, 1/12
2026-01-25T21:53:30.094010, fraction_comparison, 1.11, 0.000, 1.00, Which is smaller: 2/3 or 1/8?, 1/8, 1/8
2026-01-25T21:53:34.236325, advanced_fraction_comparison_hard, 3.32, 0.100, 0.00, Which is smaller: 1/2 or 3/5?, 1/2, 3/5
2026-01-25T21:53:42.451903, multiplication_choice, 6.26, 0.000, 1.00, What is 2 × 4 ?, 8, 8
2026-01-25T21:53:49.270929, multiplication_choice, 5.64, 2.000, 0.00, What is 4 × 4 ?, 16, 14
2026-01-25T21:53:55.415327, multiplication_choice, 4.90, 0.000, 1.00, What is 4 × 4 ?, 16, 16
2026-01-25T21:54:28.717547, multiplication_choice, 32.02, 0.000, 1.00, What is 2 × 2 ?, 4, 4
2026-01-25T21:54:36.679590, fraction_comparison, 6.17, 0.000, 1.00, Which is smaller: 3/5 or 8/9?, 3/5, 3/5
2026-01-25T21:54:40.213627, fraction_comparison, 2.61, 0.000, 1.00, Which is larger: 2/3 or 3/5?, 2/3, 2/3
2026-01-25T21:54:50.963386, multiplication_choice, 9.17, 0.000, 1.00, What is 6 × 2 ?, 12, 12
2026-01-25T21:55:01.710812, multiplication_choice, 8.45, 0.000, 1.00, What is 4 × 3 ?, 12, 12
2026-01-25T21:55:06.246645, number_line, 3.72, 0.003, 1.00, Click where you think 0.55 is, 0.55, 0.5466666666666666
2026-01-25T21:55:45.924242, multiplication_choice, 36.93, 2.000, 0.00, What is 4 × 6 ?, 24, 22
2026-01-25T21:55:48.475807, multiplication_choice, 1.33, 0.000, 1.00, What is 4 × 5 ?, 20, 20
2026-01-25T21:55:55.349052, multiplication_choice, 6.27, 5.000, 0.00, What is 7 × 4 ?, 28, 33
2026-01-25T21:56:05.142225, multiplication_choice, 8.28, 2.000, 0.00, What is 4 × 4 ?, 16, 18
2026-01-25T21:56:22.720503, multiplication_choice, 5.21, 0.000, 1.00, What is 4 × 7 ?, 28, 28
2026-01-25T21:56:26.133513, fraction_comparison, 2.88, 0.000, 1.00, Which is larger: 4/5 or 3/5?, 4/5, 4/5
2026-01-25T21:56:30.228506, advanced_fraction_comparison_hard, 3.38, 0.000, 1.00, Which is larger: 1/5 or 1/2?, 1/2, 1/2
2026-01-25T21:56:33.143047, multiplication_choice, 2.20, 0.000, 1.00, What is 2 × 3 ?, 6, 6
2026-01-25T21:56:39.623562, fraction_comparison, 5.52, 0.000, 1.00, Which is larger: 3/5 or 1/3?, 3/5, 3/5
2026-01-25T22:00:30.992961, fraction_comparison, 230.65, 0.000, 1.00, Which is larger: 2/3 or 1/4?, 2/3, 2/3
2026-01-25T22:00:34.101199, multiplication_choice, 1.98, 0.000, 1.00, What is 2 × 3 ?, 6, 6
2026-01-25T22:00:36.632473, multiplication_choice, 1.89, 0.000, 1.00, What is 2 × 3 ?, 6, 6
2026-01-25T22:00:40.349203, number_line, 3.17, 0.025, 0.80, Click where you think 7/8 is, 0.875, 0.9
2026-01-25T22:00:43.398650, multiplication_choice, 1.87, 0.000, 1.00, What is 4 × 5 ?, 20, 20
2026-01-25T22:00:57.971724, number_line, 13.76, 0.013, 0.80, Click where you think 3/8 is, 0.375, 0.3616666666666667
2026-01-25T22:01:00.684380, fraction_comparison, 1.63, 0.000, 1.00, Which is smaller: 4/5 or 1/5?, 1/5, 1/5
2026-01-25T22:01:05.108971, multiplication_choice, 3.32, 0.000, 1.00, What is 6 × 6 ?, 36, 36
2026-01-25T22:01:22.116155, number_line, 15.99, 0.010, 0.80, Click where you think 0.52 is, 0.52, 0.53
2026-01-25T22:01:32.791906, number_line, 2.37, 0.019, 0.80, Click where you think 9/13 is, 0.6923076923076923, 0.7116666666666667
2026-01-25T22:01:35.654103, multiplication_choice, 1.97, 0.000, 1.00, What is 4 × 2 ?, 8, 8
2026-01-25T22:01:40.400753, multiplication_choice, 3.93, 5.000, 0.00, What is 5 × 7 ?, 35, 40
2026-01-25T22:01:44.039430, fraction_comparison, 1.87, 0.000, 1.00, Which is smaller: 1/4 or 2/5?, 1/4, 1/4
2026-01-25T22:02:08.919735, advanced_fraction_comparison_hard, 23.80, 0.000, 1.00, Which is smaller: 3/4 or 1/3?, 1/3, 1/3
2026-01-25T22:02:17.677448, multiplication_choice, 7.44, 3.000, 0.00, What is 6 × 7 ?, 42, 39
2026-01-25T22:02:44.804864, advanced_fraction_comparison_hard, 25.55, 0.333, 0.00, Which is smaller: 1/2 or 1/6?, 1/6, 1/2
2026-01-25T22:02:50.271299, advanced_fraction_comparison_hard, 3.20, 0.000, 1.00, Which is smaller: 11/12 or 2/5?, 2/5, 2/5
2026-01-25T22:03:04.830740, multiplication_choice, 13.84, 5.000, 0.00, What is 5 × 2 ?, 10, 15
2026-01-25T22:03:10.956440, fraction_comparison, 2.35, 0.000, 1.00, Which is larger: 7/12 or 1/3?, 7/12, 7/12
2026-01-25T22:03:40.249909, advanced_fraction_comparison_hard, 27.19, 0.000, 1.00, Which is larger: 1/3 or 1/4?, 1/3, 1/3
2026-01-25T22:03:46.471836, number_line, 5.56, 0.013, 0.80, Click where you think 0.14 is, 0.14, 0.15333333333333332
2026-01-25T22:03:49.796932, multiplication_choice, 2.08, 0.000, 1.00, What is 5 × 4 ?, 20, 20
2026-01-25T22:03:52.487020, multiplication_choice, 1.83, 0.000, 1.00, What is 3 × 3 ?, 9, 9
2026-01-25T22:03:58.116471, number_line, 3.57, 0.011, 0.80, Click where you think 9/14 is, 0.6428571428571429, 0.6316666666666667
2026-01-25T22:04:00.684641, multiplication_choice, 1.24, 0.000, 1.00, What is 5 × 2 ?, 10, 10
2026-01-25T22:04:05.291027, multiplication_choice, 3.39, 0.000, 1.00, What is 3 × 3 ?, 9, 9
2026-01-25T22:04:08.195416, number_line, 1.99, 0.027, 0.80, Click where you think 0.58 is, 0.58, 0.5533333333333333
2026-01-25T22:04:15.225423, number_line, 5.66, 0.047, 0.80, Click where you think 2/3 is, 0.6666666666666666, 0.7133333333333334
2026-01-25T22:04:43.152895, advanced_fraction_comparison_hard, 24.69, 0.000, 1.00, Which is larger: 5/7 or 3/4?, 3/4, 3/4
2026-01-25T22:04:47.223112, fraction_comparison, 3.29, 0.000, 1.00, Which is larger: 3/5 or 7/9?, 7/9, 7/9
2026-01-25T22:04:51.335294, multiplication_choice, 2.97, 0.000, 1.00, What is 3 × 3 ?, 9, 9
2026-01-25T22:04:56.344309, multiplication_choice, 4.13, 0.000, 1.00, What is 3 × 4 ?, 12, 12
2026-01-25T22:05:00.603174, advanced_fraction_comparison_hard, 3.74, 0.000, 1.00, Which is smaller: 2/3 or 4/5?, 2/3, 2/3
2026-01-25T22:05:04.939111, multiplication_choice, 3.79, 0.000, 1.00, What is 2 × 4 ?, 8, 8
2026-01-25T22:05:07.318763, number_line, 1.57, 0.017, 0.80, Click where you think 0.22 is, 0.22, 0.23666666666666666
2026-01-25T22:05:09.542773, fraction_comparison, 1.45, 0.000, 1.00, Which is smaller: 1/3 or 1/2?, 1/3, 1/3
2026-01-25T22:05:12.310053, fraction_comparison, 2.12, 0.000, 1.00, Which is smaller: 1/2 or 2/3?, 1/2, 1/2
2026-01-25T22:05:14.681069, number_line, 1.81, 0.155, 0.30, Click where you think 13/15 is, 0.8666666666666667, 0.7116666666666667
2026-01-25T22:05:23.422583, multiplication_choice, 4.83, 0.000, 1.00, What is 5 × 4 ?, 20, 20
2026-01-26T18:20:52.952483, fraction_comparison, 89.27, 0.000, 1.00, Which is larger: 2/5 or 2/3?, 2/3, 2/3
2026-01-26T18:28:06.957455, multiplication_choice, 1.59, 0.000, 1.00, What is 3 × 2 ?, 6, 6
2026-01-26T18:28:13.741641, fraction_comparison, 5.95, 0.000, 1.00, Which is smaller: 2/5 or 4/5?, 2/5, 2/5
2026-01-26T18:28:41.207142, multiplication_choice, 2.30, 0.000, 1.00, What is 6 × 4 ?, 24, 24
2026-01-26T18:28:45.942313, multiplication_choice, 4.04, 0.000, 1.00, What is 5 × 3 ?, 15, 15
2026-01-26T18:28:49.779171, number_line, 2.72, 0.043, 0.80, Click where you think 6/7 is, 0.8571428571428571, 0.9
2026-01-26T18:28:54.377406, advanced_fraction_comparison_hard, 3.54, 0.000, 1.00, Which is smaller: 1/3 or 2/3?, 1/3, 1/3
2026-01-26T18:28:59.347260, multiplication_choice, 3.87, 0.000, 1.00, What is 3 × 4 ?, 12, 12
2026-01-26T18:29:48.510068, multiplication_choice, 48.32, 0.000, 1.00, What is 6 × 3 ?, 18, 18
2026-01-26T18:29:52.260532, multiplication_choice, 2.80, 0.000, 1.00, What is 4 × 2 ?, 8, 8
2026-01-26T18:29:55.041161, advanced_fraction_comparison_hard, 2.21, 0.000, 1.00, Which is smaller: 3/4 or 1/4?, 1/4, 1/4
2026-01-26T18:29:58.209215, number_line, 2.43, 0.085, 0.60, Click where you think 5/8 is, 0.625, 0.71
2026-01-26T18:30:01.791252, number_line, 2.62, 0.038, 0.80, Click where you think 3/5 is, 0.6, 0.6383333333333333
2026-01-26T18:30:04.064046, fraction_comparison, 1.48, 0.000, 1.00, Which is larger: 3/5 or 1/2?, 3/5, 3/5
2026-01-26T18:30:07.055384, advanced_fraction_comparison_hard, 2.33, 0.000, 1.00, Which is larger: 1/2 or 2/3?, 2/3, 2/3
2026-01-26T18:30:11.124993, multiplication_choice, 3.53, 0.000, 1.00, What is 2 × 6 ?, 12, 12
2026-01-26T18:32:06.470334, multiplication_choice, 114.58, 2.000, 0.00, What is 6 × 3 ?, 18, 16
2026-01-26T18:32:10.196329, advanced_fraction_comparison_hard, 3.01, 0.100, 0.00, Which is smaller: 2/5 or 1/2?, 2/5, 1/2
2026-01-26T18:32:14.073361, multiplication_choice, 2.10, 0.000, 1.00, What is 6 × 2 ?, 12, 12
2026-01-26T18:32:18.337462, multiplication_choice, 3.28, 0.000, 1.00, What is 4 × 5 ?, 20, 20
2026-01-26T18:32:28.221144, number_line, 9.28, 0.003, 1.00, Click where you think 0.15 is, 0.15, 0.15333333333333332
2026-01-26T18:32:34.080164, multiplication_choice, 1.83, 0.000, 1.00, What is 4 × 2 ?, 8, 8
2026-01-26T18:34:20.404529, advanced_fraction_comparison_hard, 5.18, 0.000, 1.00, Which is smaller: 1/2 or 5/9?, 1/2, 1/2
2026-01-26T18:34:36.216914, multiplication_choice, 13.71, 0.000, 1.00, What is 5 × 5 ?, 25, 25
2026-01-26T18:34:39.087640, fraction_comparison, 1.40, 0.000, 1.00, Which is larger: 3/5 or 1/4?, 3/5, 3/5
2026-01-26T18:34:42.145528, multiplication_choice, 1.87, 0.000, 1.00, What is 2 × 4 ?, 8, 8
2026-01-26T18:35:20.857287, multiplication_choice, 37.78, 0.000, 1.00, What is 3 × 3 ?, 9, 9
2026-01-26T18:35:30.556656, fraction_comparison, 9.02, 0.000, 1.00, Which is smaller: 1/2 or 1/6?, 1/6, 1/6
2026-01-26T18:35:33.302457, number_line, 1.95, 0.010, 1.00, Click where you think 9/14 is, 0.6428571428571429, 0.6333333333333333
2026-01-26T18:35:47.322539, advanced_fraction_comparison_hard, 8.38, 0.000, 1.00, Which is smaller: 2/3 or 1/2?, 1/2, 1/2
2026-01-26T18:36:02.526439, fraction_comparison, 13.38, 0.000, 1.00, Which is smaller: 5/6 or 2/3?, 2/3, 2/3
2026-01-26T18:36:16.976479, multiplication_choice, 13.90, 0.000, 1.00, What is 3 × 3 ?, 9, 9
2026-01-26T18:36:31.195390, advanced_fraction_comparison_hard, 13.11, 0.000, 1.00, Which is larger: 2/3 or 1/2?, 2/3, 2/3
2026-01-26T18:36:45.410674, multiplication_choice, 13.37, 0.000, 1.00, What is 3 × 5 ?, 15, 15
2026-01-26T18:37:11.804767, multiplication_choice, 25.82, 0.000, 1.00, What is 7 × 3 ?, 21, 21
2026-01-26T18:37:37.313521, multiplication_choice, 24.98, 0.000, 1.00, What is 3 × 4 ?, 12, 12
2026-01-26T18:37:41.774787, multiplication_choice, 3.53, 0.000, 1.00, What is 3 × 7 ?, 21, 21
2026-01-26T18:37:49.794795, multiplication_choice, 7.32, 0.000, 1.00, What is 3 × 2 ?, 6, 6
2026-01-26T18:37:55.539378, multiplication_choice, 5.08, 0.000, 1.00, What is 2 × 2 ?, 4, 4
2026-01-26T18:38:03.983838, multiplication_choice, 6.73, 0.000, 1.00, What is 6 × 4 ?, 24, 24
2026-01-26T18:39:18.820193, multiplication_choice, 74.17, 0.000, 1.00, What is 6 × 2 ?, 12, 12
2026-01-26T18:39:21.823246, multiplication_choice, 2.39, 3.000, 0.00, What is 4 × 4 ?, 16, 13
2026-01-26T18:39:25.462281, fraction_comparison, 1.46, 0.000, 1.00, Which is smaller: 1/10 or 1/2?, 1/10, 1/10
2026-01-26T18:39:27.532799, multiplication_choice, 1.43, 0.000, 1.00, What is 3 × 3 ?, 9, 9
2026-01-26T18:39:43.912847, number_line, 15.68, 0.547, 0.00, Click where you think 1/7 is, 0.14285714285714285, 0.69
2026-01-26T18:42:28.100123, multiplication_choice, 27.59, 0.000, 1.00, What is 4 × 5 ?, 20, 20
2026-01-26T18:42:30.691003, number_line, 1.91, 0.166, 0.30, Click where you think 4/7 is, 0.5714285714285714, 0.405
2026-01-26T18:42:38.357079, number_line, 2.61, 0.005, 1.00, Click where you think 0.53 is, 0.53, 0.535
2026-01-26T18:43:27.307969, number_line, 48.22, 0.068, 0.60, Click where you think 3/4 is, 0.75, 0.6816666666666666
2026-01-26T18:43:40.350457, advanced_fraction_comparison_hard, 12.35, 0.000, 1.00, Which is smaller: 5/7 or 7/12?, 7/12, 7/12
2026-01-26T18:43:42.742350, multiplication_choice, 1.71, 0.000, 1.00, What is 3 × 5 ?, 15, 15
2026-01-26T18:43:47.498227, advanced_fraction_comparison_hard, 3.95, 0.000, 1.00, Which is smaller: 1/9 or 7/8?, 1/9, 1/9
2026-01-26T18:43:56.677203, multiplication_choice, 8.55, 0.000, 1.00, What is 6 × 3 ?, 18, 18
2026-01-26T18:43:59.756684, number_line, 1.72, 0.051, 0.60, Click where you think 8/11 is, 0.7272727272727273, 0.6766666666666666
2026-01-26T18:44:30.709221, advanced_fraction_comparison_hard, 30.37, 0.000, 1.00, Which is larger: 5/6 or 3/5?, 5/6, 5/6
2026-01-26T18:44:34.953774, advanced_fraction_comparison_hard, 3.56, 0.000, 1.00, Which is smaller: 4/5 or 1/3?, 1/3, 1/3
2026-01-26T18:44:40.195202, number_line, 4.55, 0.003, 1.00, Click where you think 0.5 is, 0.5, 0.5033333333333333
2026-01-26T18:44:46.178072, advanced_fraction_comparison_hard, 4.83, 0.100, 0.00, Which is smaller: 3/5 or 1/2?, 1/2, 3/5
2026-01-26T18:45:02.159548, fraction_comparison, 4.83, 0.000, 1.00, Which is smaller: 1/2 or 1/3?, 1/3, 1/3
2026-01-26T18:45:05.474659, multiplication_choice, 2.75, 0.000, 1.00, What is 3 × 2 ?, 6, 6
2026-01-26T18:45:20.223970, advanced_fraction_comparison_hard, 13.76, 0.000, 1.00, Which is smaller: 1/3 or 1/7?, 1/7, 1/7
2026-01-26T18:45:26.576723, multiplication_choice, 5.55, 0.000, 1.00, What is 3 × 7 ?, 21, 21
2026-01-26T18:45:29.606871, number_line, 2.35, 0.032, 0.80, Click where you think 0.48 is, 0.48, 0.4483333333333333
2026-01-26T18:45:37.952859, number_line, 7.22, 0.023, 0.80, Click where you think 0.67 is, 0.67, 0.6466666666666666
2026-01-26T18:45:54.372832, multiplication_choice, 14.94, 0.000, 1.00, What is 2 × 5 ?, 10, 10
2026-01-26T18:46:13.922128, number_line, 1.92, 0.012, 0.80, Click where you think 10/11 is, 0.9090909090909091, 0.8966666666666666
2026-01-26T18:46:17.563323, multiplication_choice, 2.76, 0.000, 1.00, What is 5 × 3 ?, 15, 15
2026-01-26T18:46:22.500106, fraction_comparison, 4.40, 0.000, 1.00, Which is smaller: 7/9 or 1/2?, 1/2, 1/2
2026-01-26T18:46:25.720453, multiplication_choice, 1.65, 0.000, 1.00, What is 2 × 3 ?, 6, 6
2026-01-26T18:46:38.955099, number_line, 12.45, 0.002, 1.00, Click where you think 0.47 is, 0.47, 0.4683333333333333
2026-01-26T18:46:48.389963, number_line, 2.07, 0.045, 0.80, Click where you think 7/8 is, 0.875, 0.83
2026-01-26T18:49:16.853099, multiplication_choice, 147.47, 1.000, 0.00, What is 5 × 3 ?, 15, 14
2026-01-26T18:49:23.636957, multiplication_choice, 5.26, 0.000, 1.00, What is 3 × 4 ?, 12, 12
2026-01-26T18:49:26.072354, number_line, 1.75, 0.010, 0.80, Click where you think 0.82 is, 0.82, 0.83
2026-01-26T18:49:29.522472, number_line, 2.35, 0.007, 1.00, Click where you think 0.43 is, 0.43, 0.43666666666666665
2026-01-26T18:49:57.847661, multiplication_choice, 26.95, 0.000, 1.00, What is 7 × 3 ?, 21, 21
2026-01-26T18:50:01.769215, multiplication_choice, 2.72, 0.000, 1.00, What is 4 × 2 ?, 8, 8
2026-01-27T21:04:32.677570, multiplication_choice, 100.77, 0.000, 1.00, What is 4 × 3 ?, 12, 12
2026-01-27T21:04:36.477176, multiplication_choice, 2.64, 0.000, 1.00, What is 2 × 2 ?, 4, 4
2026-01-27T21:04:54.028322, multiplication_choice, 16.23, 0.000, 1.00, What is 5 × 4 ?, 20, 20
2026-01-27T21:04:57.068957, advanced_fraction_comparison_hard, 1.94, 0.000, 1.00, Which is smaller: 5/7 or 4/7?, 4/7, 4/7
2026-01-27T21:05:05.164046, multiplication_choice, 6.71, 0.000, 1.00, What is 2 × 3 ?, 6, 6
2026-01-27T21:05:17.947362, number_line, 10.62, 0.028, 0.80, Click where you think 1/3 is, 0.3333333333333333, 0.305
2026-01-27T21:05:25.153234, advanced_fraction_comparison_hard, 3.89, 0.000, 1.00, Which is smaller: 1/2 or 2/7?, 2/7, 2/7
2026-01-27T21:05:28.184277, fraction_comparison, 1.97, 0.000, 1.00, Which is smaller: 7/8 or 4/5?, 4/5, 4/5
2026-01-27T21:05:32.524041, multiplication_choice, 3.50, 0.000, 1.00, What is 3 × 4 ?, 12, 12
2026-01-27T21:05:35.911572, fraction_comparison, 2.48, 0.000, 1.00, Which is larger: 1/8 or 3/4?, 3/4, 3/4
2026-01-27T21:05:39.659045, advanced_fraction_comparison_hard, 3.00, 0.250, 0.00, Which is larger: 1/2 or 1/4?, 1/2, 1/4
2026-01-27T21:05:45.802823, advanced_fraction_comparison_hard, 3.46, 0.000, 1.00, Which is smaller: 1/6 or 2/5?, 1/6, 1/6
2026-01-27T21:05:50.310953, multiplication_choice, 3.57, 0.000, 1.00, What is 4 × 2 ?, 8, 8
2026-01-27T21:05:55.238476, fraction_comparison, 3.89, 0.000, 1.00, Which is smaller: 1/2 or 1/5?, 1/5, 1/5
2026-01-27T21:05:59.209897, fraction_comparison, 2.96, 0.000, 1.00, Which is smaller: 3/4 or 1/2?, 1/2, 1/2
2026-01-27T21:06:02.603946, multiplication_choice, 2.62, 0.000, 1.00, What is 6 × 5 ?, 30, 30
2026-01-27T21:06:05.292138, fraction_comparison, 1.39, 0.000, 1.00, Which is smaller: 4/5 or 1/3?, 1/3, 1/3
2026-01-27T21:06:35.509525, advanced_fraction_comparison_hard, 29.29, 0.017, 0.00, Which is larger: 3/5 or 7/12?, 3/5, 7/12
2026-01-27T21:06:39.874553, multiplication_choice, 2.24, 0.000, 1.00, What is 2 × 4 ?, 8, 8
2026-01-27T21:06:44.734559, multiplication_choice, 3.80, 0.000, 1.00, What is 4 × 3 ?, 12, 12
2026-01-27T21:06:48.000817, multiplication_choice, 2.65, 0.000, 1.00, What is 6 × 5 ?, 30, 30
2026-01-27T21:06:55.003702, number_line, 6.22, 0.017, 0.80, Click where you think 0.87 is, 0.87, 0.8533333333333334
2026-01-27T21:07:02.879656, multiplication_choice, 4.77, 0.000, 1.00, What is 5 × 6 ?, 30, 30
2026-01-27T21:07:06.576010, multiplication_choice, 2.03, 0.000, 1.00, What is 2 × 2 ?, 4, 4
2026-01-27T21:07:18.132107, multiplication_choice, 10.51, 0.000, 1.00, What is 7 × 4 ?, 28, 28
2026-01-27T21:07:23.083880, multiplication_choice, 2.92, 0.000, 1.00, What is 2 × 4 ?, 8, 8
2026-01-27T21:07:27.899339, multiplication_choice, 3.67, 2.000, 0.00, What is 3 × 6 ?, 18, 16
2026-01-27T21:07:30.036664, multiplication_choice, 1.12, 5.000, 0.00, What is 3 × 7 ?, 21, 26
2026-01-27T21:07:31.329539, multiplication_choice, 0.67, 2.000, 0.00, What is 5 × 4 ?, 20, 18
2026-01-27T21:07:33.227874, advanced_fraction_comparison_hard, 1.14, 0.000, 1.00, Which is smaller: 2/5 or 1/2?, 2/5, 2/5
2026-01-27T21:07:34.794492, advanced_fraction_comparison_hard, 0.78, 0.467, 0.00, Which is smaller: 1/3 or 4/5?, 1/3, 4/5
2026-01-27T21:07:37.430484, fraction_comparison, 2.03, 0.000, 1.00, Which is smaller: 2/3 or 3/4?, 2/3, 2/3
2026-01-27T21:07:39.443282, multiplication_choice, 1.28, 1.000, 0.00, What is 4 × 5 ?, 20, 21
2026-01-27T21:07:40.795575, multiplication_choice, 0.79, 3.000, 0.00, What is 2 × 4 ?, 8, 5
2026-01-27T21:07:43.045861, multiplication_choice, 0.95, 2.000, 0.00, What is 3 × 5 ?, 15, 13
2026-01-27T21:07:44.903358, fraction_comparison, 1.27, 0.000, 1.00, Which is smaller: 1/4 or 1/2?, 1/4, 1/4
2026-01-27T21:07:46.641653, multiplication_choice, 1.13, 0.000, 1.00, What is 2 × 6 ?, 12, 12
2026-01-27T21:07:48.128768, multiplication_choice, 0.97, 1.000, 0.00, What is 5 × 5 ?, 25, 24
2026-01-27T21:07:49.890837, multiplication_choice, 1.05, 3.000, 0.00, What is 3 × 5 ?, 15, 12
2026-01-27T21:07:51.558742, advanced_fraction_comparison_hard, 0.92, 0.000, 1.00, Which is smaller: 3/4 or 1/4?, 1/4, 1/4
2026-01-27T21:07:53.211986, multiplication_choice, 0.65, 0.000, 1.00, What is 3 × 3 ?, 9, 9
2026-01-27T21:07:54.439173, multiplication_choice, 0.67, 3.000, 0.00, What is 5 × 3 ?, 15, 12
2026-01-27T21:07:55.687627, multiplication_choice, 0.61, 1.000, 0.00, What is 5 × 3 ?, 15, 16
2026-01-27T21:07:57.298427, advanced_fraction_comparison_hard, 0.90, 0.405, 0.00, Which is smaller: 3/7 or 5/6?, 3/7, 5/6
2026-01-27T21:08:08.357570, advanced_fraction_comparison_hard, 10.10, 0.000, 1.00, Which is smaller: 1/8 or 3/5?, 1/8, 1/8
2026-01-27T21:08:11.249466, multiplication_choice, 1.22, 0.000, 1.00, What is 5 × 6 ?, 30, 30
2026-01-27T21:08:22.079448, multiplication_choice, 9.92, 0.000, 1.00, What is 6 × 5 ?, 30, 30
2026-01-27T21:10:48.025447, advanced_fraction_comparison_hard, 144.78, 0.000, 1.00, Which is smaller: 5/6 or 1/5?, 1/5, 1/5
2026-01-27T21:10:50.351415, multiplication_choice, 1.50, 0.000, 1.00, What is 4 × 3 ?, 12, 12
2026-01-27T21:10:52.890491, fraction_comparison, 1.64, 0.000, 1.00, Which is smaller: 5/9 or 1/12?, 1/12, 1/12
2026-01-27T21:11:13.915667, multiplication_choice, 20.43, 0.000, 1.00, What is 2 × 6 ?, 12, 12
2026-01-27T21:11:17.074930, advanced_fraction_comparison_hard, 2.32, 0.000, 1.00, Which is smaller: 3/5 or 8/9?, 3/5, 3/5
2026-01-27T21:11:23.871910, multiplication_choice, 5.55, 0.000, 1.00, What is 2 × 6 ?, 12, 12
2026-01-27T21:11:26.771216, multiplication_choice, 1.90, 0.000, 1.00, What is 5 × 3 ?, 15, 15
2026-01-27T21:11:29.187078, fraction_comparison, 1.53, 0.000, 1.00, Which is smaller: 2/5 or 1/2?, 2/5, 2/5
2026-01-27T21:11:38.752764, number_line, 8.85, 0.005, 1.00, Click where you think 0.27 is, 0.27, 0.265
2026-01-27T21:11:47.001001, fraction_comparison, 5.61, 0.000, 1.00, Which is smaller: 1/9 or 1/3?, 1/9, 1/9
2026-01-27T21:11:53.521135, multiplication_choice, 5.67, 0.000, 1.00, What is 7 × 4 ?, 28, 28
2026-01-27T21:11:59.822598, number_line, 5.57, 0.003, 1.00, Click where you think 0.85 is, 0.85, 0.8466666666666667
2026-01-27T21:12:05.839267, fraction_comparison, 2.03, 0.000, 1.00, Which is smaller: 3/4 or 1/2?, 1/2, 1/2
2026-01-27T21:12:20.355980, multiplication_choice, 13.57, 0.000, 1.00, What is 3 × 5 ?, 15, 15
2026-01-27T21:12:22.657182, multiplication_choice, 1.38, 0.000, 1.00, What is 2 × 2 ?, 4, 4
2026-01-27T21:12:42.723600, multiplication_choice, 19.02, 0.000, 1.00, What is 2 × 2 ?, 4, 4
2026-01-27T21:12:50.274549, advanced_fraction_comparison_hard, 6.78, 0.000, 1.00, Which is larger: 2/9 or 4/5?, 4/5, 4/5
2026-01-27T21:13:00.891623, advanced_fraction_comparison_hard, 9.60, 0.000, 1.00, Which is larger: 1/4 or 1/2?, 1/2, 1/2
2026-01-27T21:13:21.074847, multiplication_choice, 19.27, 2.000, 0.00, What is 7 × 3 ?, 21, 19
2026-01-27T21:13:23.738045, multiplication_choice, 2.00, 0.000, 1.00, What is 2 × 2 ?, 4, 4
2026-01-27T21:13:25.930500, multiplication_choice, 1.54, 0.000, 1.00, What is 5 × 2 ?, 10, 10
2026-01-27T21:13:30.431023, advanced_fraction_comparison_hard, 3.87, 0.000, 1.00, Which is smaller: 1/6 or 3/8?, 1/6, 1/6
2026-01-27T21:13:46.802515, multiplication_choice, 15.52, 0.000, 1.00, What is 4 × 6 ?, 24, 24
2026-01-27T21:13:52.089595, number_line, 4.57, 0.040, 0.80, Click where you think 6/7 is, 0.8571428571428571, 0.8966666666666666
2026-01-27T21:14:03.369140, advanced_fraction_comparison_hard, 5.13, 0.275, 0.00, Which is larger: 2/5 or 1/8?, 2/5, 1/8
2026-01-27T21:14:14.241627, multiplication_choice, 10.14, 0.000, 1.00, What is 5 × 3 ?, 15, 15
2026-01-27T21:14:20.247288, advanced_fraction_comparison_hard, 5.18, 0.000, 1.00, Which is larger: 1/2 or 5/6?, 5/6, 5/6
2026-01-27T21:14:23.646133, multiplication_choice, 2.65, 2.000, 0.00, What is 5 × 3 ?, 15, 13
2026-01-27T21:14:28.805844, advanced_fraction_comparison_hard, 4.24, 0.000, 1.00, Which is smaller: 1/3 or 1/4?, 1/4, 1/4
2026-01-27T21:14:34.203083, multiplication_choice, 4.35, 0.000, 1.00, What is 2 × 4 ?, 8, 8
2026-01-27T21:14:42.304774, number_line, 7.47, 0.010, 0.80, Click where you think 0.66 is, 0.66, 0.65
2026-01-27T21:14:48.787452, number_line, 3.63, 0.010, 1.00, Click where you think 0.47 is, 0.47, 0.46
2026-01-27T21:15:30.201723, multiplication_choice, 27.99, 0.000, 1.00, What is 5 × 6 ?, 30, 30
2026-01-27T21:15:36.717053, number_line, 5.86, 0.002, 1.00, Click where you think 0.2 is, 0.2, 0.19833333333333333
2026-01-27T21:15:43.982610, advanced_fraction_comparison_hard, 3.30, 0.000, 1.00, Which is smaller: 3/8 or 5/7?, 3/8, 3/8
2026-01-27T21:15:46.503768, multiplication_choice, 1.82, 0.000, 1.00, What is 2 × 5 ?, 10, 10
2026-01-27T21:15:52.304045, advanced_fraction_comparison_hard, 5.23, 0.000, 1.00, Which is larger: 1/5 or 1/3?, 1/3, 1/3
2026-01-27T21:15:55.126090, multiplication_choice, 2.14, 0.000, 1.00, What is 3 × 4 ?, 12, 12
2026-01-27T21:15:59.072516, multiplication_choice, 3.00, 0.000, 1.00, What is 6 × 6 ?, 36, 36
2026-01-27T21:16:00.972806, fraction_comparison, 1.10, 0.000, 1.00, Which is smaller: 1/4 or 4/9?, 1/4, 1/4
2026-01-27T21:16:29.594945, multiplication_choice, 27.52, 3.000, 0.00, What is 3 × 7 ?, 21, 18
2026-01-27T21:16:36.928305, number_line, 4.44, 0.000, 1.00, Click where you think 0.8 is, 0.8, 0.8
2026-01-27T21:16:45.113815, advanced_fraction_comparison_hard, 2.47, 0.000, 1.00, Which is larger: 8/9 or 9/10?, 9/10, 9/10
2026-01-27T21:16:58.912658, multiplication_choice, 13.09, 0.000, 1.00, What is 4 × 6 ?, 24, 24
2026-01-27T21:17:03.793708, number_line, 4.23, 0.002, 1.00, Click where you think 1/2 is, 0.5, 0.5016666666666667
2026-01-27T21:17:13.909075, number_line, 8.53, 0.055, 0.60, Click where you think 5/13 is, 0.38461538461538464, 0.33
2026-01-27T21:17:38.223056, advanced_fraction_comparison_hard, 23.42, 0.000, 1.00, Which is larger: 1/2 or 1/4?, 1/2, 1/2
2026-01-27T21:17:43.075902, number_line, 2.96, 0.005, 1.00, Click where you think 0.45 is, 0.45, 0.445
2026-01-27T21:18:02.726418, multiplication_choice, 18.55, 0.000, 1.00, What is 3 × 6 ?, 18, 18
2026-01-27T21:18:04.960799, multiplication_choice, 1.59, 0.000, 1.00, What is 2 × 3 ?, 6, 6
2026-01-27T21:18:07.894239, multiplication_choice, 2.33, 0.000, 1.00, What is 5 × 5 ?, 25, 25
2026-01-27T21:18:26.526800, fraction_comparison, 18.02, 0.000, 1.00, Which is larger: 1/5 or 1/3?, 1/3, 1/3
2026-01-27T21:18:39.583715, fraction_comparison, 12.55, 0.000, 1.00, Which is larger: 1/2 or 7/8?, 7/8, 7/8
2026-01-27T21:18:46.985017, multiplication_choice, 6.85, 0.000, 1.00, What is 5 × 2 ?, 10, 10
2026-01-27T21:18:49.407279, multiplication_choice, 1.73, 0.000, 1.00, What is 2 × 3 ?, 6, 6
2026-01-27T21:18:51.535230, multiplication_choice, 1.51, 0.000, 1.00, What is 3 × 5 ?, 15, 15
2026-01-27T21:18:53.902196, number_line, 1.84, 0.003, 1.00, Click where you think 0.49 is, 0.49, 0.4866666666666667
2026-01-27T21:19:00.696111, fraction_comparison, 4.06, 0.000, 1.00, Which is larger: 1/2 or 4/5?, 4/5, 4/5
2026-01-27T21:19:19.538631, fraction_comparison, 18.28, 0.000, 1.00, Which is larger: 3/5 or 1/2?, 3/5, 3/5
2026-01-27T21:19:22.105114, number_line, 1.93, 0.010, 0.80, Click where you think 0.79 is, 0.79, 0.78
2026-01-27T21:19:33.598280, advanced_fraction_comparison_hard, 10.60, 0.067, 0.00, Which is smaller: 1/3 or 2/5?, 1/3, 2/5
2026-01-27T21:19:36.314282, multiplication_choice, 1.71, 0.000, 1.00, What is 5 × 4 ?, 20, 20
2026-01-27T21:19:48.097434, fraction_comparison, 11.03, 0.000, 1.00, Which is smaller: 1/4 or 1/2?, 1/4, 1/4
2026-01-27T21:20:07.014360, advanced_fraction_comparison_hard, 18.28, 0.179, 0.00, Which is larger: 3/4 or 4/7?, 3/4, 4/7
2026-01-27T21:20:09.880597, number_line, 2.05, 0.150, 0.30, Click where you think 13/15 is, 0.8666666666666667, 0.7166666666666667
2026-01-27T21:20:39.214003, advanced_fraction_comparison_hard, 27.53, 0.238, 0.00, Which is smaller: 1/3 or 4/7?, 1/3, 4/7
2026-01-27T21:20:42.811234, multiplication_choice, 2.13, 0.000, 1.00, What is 2 × 3 ?, 6, 6
2026-01-27T21:20:46.265730, number_line, 2.77, 0.008, 1.00, Click where you think 0.78 is, 0.78, 0.7716666666666666
2026-01-27T21:20:53.169675, fraction_comparison, 1.25, 0.000, 1.00, Which is larger: 1/2 or 1/12?, 1/2, 1/2
2026-01-27T21:21:11.546931, multiplication_choice, 17.48, 0.000, 1.00, What is 4 × 5 ?, 20, 20
2026-01-27T21:21:14.030532, multiplication_choice, 1.81, 0.000, 1.00, What is 2 × 2 ?, 4, 4
2026-01-27T21:21:33.900305, number_line, 18.93, 0.010, 0.80, Click where you think 1/3 is, 0.3333333333333333, 0.3233333333333333
2026-01-27T21:21:57.717131, advanced_fraction_comparison_hard, 20.63, 0.000, 1.00, Which is larger: 3/4 or 1/2?, 3/4, 3/4
2026-01-27T21:22:00.455375, number_line, 1.86, 0.022, 0.80, Click where you think 3/4 is, 0.75, 0.7283333333333334
2026-01-27T21:22:02.334215, multiplication_choice, 1.24, 0.000, 1.00, What is 2 × 3 ?, 6, 6
2026-01-27T21:22:07.979570, number_line, 4.83, 0.165, 0.30, Click where you think 3/7 is, 0.42857142857142855, 0.5933333333333334
2026-01-27T21:22:10.313278, fraction_comparison, 0.78, 0.133, 0.00, Which is larger: 2/3 or 4/5?, 4/5, 2/3
2026-01-27T21:22:11.332328, multiplication_choice, 0.62, 1.000, 0.00, What is 2 × 3 ?, 6, 7
2026-01-27T21:22:12.420091, fraction_comparison, 0.40, 0.633, 0.00, Which is larger: 5/6 or 1/5?, 5/6, 1/5
2026-01-27T21:22:13.784274, fraction_comparison, 0.54, 0.000, 1.00, Which is larger: 1/10 or 5/9?, 5/9, 5/9
2026-01-27T21:22:14.702742, multiplication_choice, 0.44, 2.000, 0.00, What is 3 × 2 ?, 6, 4
2026-01-27T21:22:17.797931, multiplication_choice, 2.22, 0.000, 1.00, What is 3 × 2 ?, 6, 6
2026-01-27T21:22:30.895109, number_line, 4.29, 0.002, 1.00, Click where you think 1/2 is, 0.5, 0.5016666666666667
2026-01-27T21:22:58.709946, multiplication_choice, 24.60, 0.000, 1.00, What is 4 × 5 ?, 20, 20
2026-01-27T21:23:01.658925, advanced_fraction_comparison_hard, 1.28, 0.000, 1.00, Which is smaller: 3/4 or 5/7?, 5/7, 5/7
2026-01-27T21:23:09.479766, multiplication_choice, 7.06, 3.000, 0.00, What is 3 × 4 ?, 12, 15
2026-01-27T21:23:10.827935, number_line, 0.68, 0.700, 0.00, Click where you think 0.84 is, 0.84, 0.14
2026-01-27T21:23:13.360487, multiplication_choice, 1.57, 2.000, 0.00, What is 3 × 4 ?, 12, 14
2026-01-27T21:23:30.562733, fraction_comparison, 15.72, 0.389, 0.00, Which is smaller: 1/2 or 1/9?, 1/9, 1/2
2026-01-27T21:23:32.707523, multiplication_choice, 1.33, 0.000, 1.00, What is 5 × 2 ?, 10, 10
2026-01-27T21:23:39.697914, fraction_comparison, 6.32, 0.000, 1.00, Which is smaller: 3/4 or 1/2?, 1/2, 1/2
2026-01-27T21:23:45.798344, fraction_comparison, 5.41, 0.000, 1.00, Which is smaller: 2/5 or 4/5?, 2/5, 2/5
2026-01-27T21:23:59.142943, fraction_comparison, 12.57, 0.000, 1.00, Which is smaller: 1/2 or 5/12?, 5/12, 5/12
2026-01-27T21:24:01.408890, advanced_fraction_comparison_hard, 1.70, 0.000, 1.00, Which is smaller: 3/5 or 1/2?, 1/2, 1/2
2026-01-27T21:24:04.361225, number_line, 2.30, 0.363, 0.00, Click where you think 1/3 is, 0.3333333333333333, 0.6966666666666667
2026-01-27T21:24:09.712325, number_line, 4.52, 0.038, 0.80, Click where you think 2/3 is, 0.6666666666666666, 0.705
2026-01-27T21:24:12.331829, advanced_fraction_comparison_hard, 1.96, 0.000, 1.00, Which is larger: 4/5 or 1/3?, 4/5, 4/5
2026-01-27T21:24:14.548571, fraction_comparison, 1.59, 0.000, 1.00, Which is larger: 1/3 or 1/2?, 1/2, 1/2
2026-01-28T22:49:57.253453, multiplication_choice, 4.35, 0.000, 1.00, What is 4 × 6 ?, 24, 24
2026-01-28T22:50:02.615788, advanced_fraction_comparison_hard, 4.32, 0.000, 1.00, Which is larger: 1/2 or 3/10?, 1/2, 1/2
2026-01-28T22:55:19.452926, advanced_fraction_comparison_hard, 315.41, 0.194, 0.00, Which is smaller: 1/4 or 4/9?, 1/4, 4/9
2026-01-28T22:55:24.320040, advanced_fraction_comparison_hard, 4.08, 0.000, 1.00, Which is larger: 1/7 or 5/7?, 5/7, 5/7
2026-01-28T22:55:32.877216, advanced_fraction_comparison_hard, 7.89, 0.250, 0.00, Which is smaller: 1/2 or 3/4?, 1/2, 3/4
2026-01-28T22:55:35.267198, multiplication_choice, 1.39, 3.000, 0.00, What is 4 × 3 ?, 12, 9
2026-01-28T22:55:37.320108, fraction_comparison, 1.04, 0.000, 1.00, Which is smaller: 2/3 or 1/3?, 1/3, 1/3
2026-01-28T22:55:39.334376, multiplication_choice, 1.16, 0.000, 1.00, What is 5 × 5 ?, 25, 25
2026-01-28T22:55:41.689866, fraction_comparison, 0.95, 0.000, 1.00, Which is larger: 5/12 or 11/12?, 11/12, 11/12
2026-01-28T22:55:43.071404, advanced_fraction_comparison_hard, 0.91, 0.457, 0.00, Which is larger: 3/5 or 1/7?, 3/5, 1/7
2026-01-28T22:55:44.809180, multiplication_choice, 0.87, 1.000, 0.00, What is 6 × 2 ?, 12, 13
2026-01-28T22:55:46.282539, fraction_comparison, 0.62, 0.250, 0.00, Which is smaller: 1/4 or 1/2?, 1/4, 1/2
2026-01-28T22:55:47.693971, fraction_comparison, 0.63, 0.375, 0.00, Which is smaller: 7/8 or 1/2?, 1/2, 7/8
2026-01-28T22:55:50.193388, number_line, 1.74, 0.022, 0.80, Click where you think 7/12 is, 0.5833333333333334, 0.605
2026-01-28T22:55:52.440439, advanced_fraction_comparison_hard, 0.98, 0.167, 0.00, Which is larger: 1/3 or 1/2?, 1/2, 1/3
2026-01-28T22:55:54.540728, fraction_comparison, 1.38, 0.000, 1.00, Which is larger: 2/3 or 1/10?, 2/3, 2/3
2026-01-28T22:55:56.490615, multiplication_choice, 1.35, 0.000, 1.00, What is 2 × 4 ?, 8, 8
2026-01-28T22:57:13.662500, advanced_fraction_comparison_hard, 76.60, 0.000, 1.00, Which is smaller: 3/10 or 2/3?, 3/10, 3/10
2026-01-28T22:57:21.361470, multiplication_choice, 6.80, 0.000, 1.00, What is 3 × 5 ?, 15, 15
2026-01-28T22:57:25.302667, number_line, 3.26, 0.023, 0.80, Click where you think 0.52 is, 0.52, 0.5433333333333333
2026-01-28T22:57:28.241171, multiplication_choice, 1.57, 0.000, 1.00, What is 2 × 4 ?, 8, 8
2026-01-28T22:57:30.363248, multiplication_choice, 1.54, 0.000, 1.00, What is 3 × 7 ?, 21, 21
2026-01-28T22:57:33.005995, multiplication_choice, 1.65, 0.000, 1.00, What is 2 × 5 ?, 10, 10
2026-01-28T22:57:35.203425, multiplication_choice, 1.53, 0.000, 1.00, What is 7 × 7 ?, 49, 49
2026-01-28T22:57:38.551126, multiplication_choice, 2.63, 3.000, 0.00, What is 4 × 4 ?, 16, 19
2026-01-28T22:57:41.269024, number_line, 2.05, 0.166, 0.30, Click where you think 3/7 is, 0.42857142857142855, 0.595
2026-01-28T22:57:45.395142, multiplication_choice, 1.63, 0.000, 1.00, What is 4 × 2 ?, 8, 8
2026-01-28T22:58:17.233968, advanced_fraction_comparison_hard, 31.23, 0.375, 0.00, Which is smaller: 7/8 or 1/2?, 1/2, 7/8
2026-01-28T22:58:31.720734, multiplication_choice, 12.26, 0.000, 1.00, What is 5 × 4 ?, 20, 20
2026-01-28T22:58:44.484517, multiplication_choice, 12.13, 5.000, 0.00, What is 3 × 5 ?, 15, 20
2026-01-28T22:58:47.134733, fraction_comparison, 2.02, 0.000, 1.00, Which is larger: 1/3 or 5/12?, 5/12, 5/12
2026-01-28T22:58:49.363631, number_line, 1.54, 0.305, 0.00, Click where you think 4/11 is, 0.36363636363636365, 0.6683333333333333
2026-01-28T22:58:53.114726, number_line, 2.58, 0.062, 0.60, Click where you think 6/7 is, 0.8571428571428571, 0.795
2026-01-28T22:58:57.983172, multiplication_choice, 3.15, 0.000, 1.00, What is 6 × 2 ?, 12, 12
2026-01-28T22:59:01.655267, number_line, 3.15, 0.007, 1.00, Click where you think 1/5 is, 0.2, 0.20666666666666667
2026-01-28T22:59:16.761910, number_line, 5.57, 0.013, 0.80, Click where you think 0.89 is, 0.89, 0.8766666666666667
2026-01-28T22:59:28.109865, multiplication_choice, 2.02, 3.000, 0.00, What is 6 × 7 ?, 42, 39
2026-01-28T22:59:31.364529, fraction_comparison, 1.60, 0.000, 1.00, Which is smaller: 1/3 or 2/3?, 1/3, 1/3
2026-01-28T23:00:02.109052, multiplication_choice, 29.71, 0.000, 1.00, What is 4 × 5 ?, 20, 20
2026-01-28T23:00:24.680950, multiplication_choice, 21.89, 0.000, 1.00, What is 5 × 6 ?, 30, 30
2026-01-28T23:00:27.104176, multiplication_choice, 1.70, 0.000, 1.00, What is 3 × 5 ?, 15, 15
2026-01-28T23:00:36.202220, number_line, 8.43, 0.003, 1.00, Click where you think 3/10 is, 0.3, 0.2966666666666667
2026-01-28T23:00:46.585828, number_line, 8.65, 0.200, 0.00, Click where you think 9/14 is, 0.6428571428571429, 0.8433333333333334
2026-01-28T23:00:49.701996, multiplication_choice, 1.90, 0.000, 1.00, What is 4 × 2 ?, 8, 8
2026-01-28T23:00:52.301463, multiplication_choice, 1.93, 0.000, 1.00, What is 4 × 5 ?, 20, 20
2026-01-28T23:00:53.866488, advanced_fraction_comparison_hard, 1.05, 0.333, 0.00, Which is smaller: 2/3 or 1/3?, 1/3, 2/3
2026-01-28T23:00:56.094172, multiplication_choice, 1.41, 0.000, 1.00, What is 5 × 5 ?, 25, 25
2026-01-28T23:00:58.077353, multiplication_choice, 1.42, 2.000, 0.00, What is 6 × 4 ?, 24, 26
2026-01-28T23:01:01.065727, multiplication_choice, 2.42, 2.000, 0.00, What is 4 × 7 ?, 28, 26
2026-01-28T23:01:09.617339, multiplication_choice, 4.88, 0.000, 1.00, What is 5 × 6 ?, 30, 30
2026-01-28T23:01:11.350411, advanced_fraction_comparison_hard, 1.12, 0.000, 1.00, Which is larger: 7/10 or 1/2?, 7/10, 7/10
2026-01-28T23:01:16.299515, number_line, 4.34, 0.012, 0.80, Click where you think 0.57 is, 0.57, 0.5583333333333333
2026-01-28T23:01:26.558177, multiplication_choice, 8.47, 1.000, 0.00, What is 4 × 6 ?, 24, 23
2026-01-28T23:01:30.566402, number_line, 3.23, 0.008, 1.00, Click where you think 1/5 is, 0.2, 0.19166666666666668
2026-01-28T23:01:39.552095, multiplication_choice, 7.85, 0.000, 1.00, What is 6 × 3 ?, 18, 18
2026-01-28T23:01:58.940387, advanced_fraction_comparison_hard, 18.40, 0.079, 0.00, Which is smaller: 1/7 or 2/9?, 1/7, 2/9
2026-01-28T23:02:03.279336, advanced_fraction_comparison_hard, 3.13, 0.000, 1.00, Which is smaller: 1/5 or 7/9?, 1/5, 1/5
2026-01-28T23:02:07.350379, fraction_comparison, 1.80, 0.000, 1.00, Which is smaller: 1/2 or 2/5?, 2/5, 2/5
2026-01-28T23:02:11.108394, advanced_fraction_comparison_hard, 2.91, 0.000, 1.00, Which is larger: 3/7 or 3/5?, 3/5, 3/5
2026-01-28T23:02:14.824587, multiplication_choice, 2.87, 0.000, 1.00, What is 5 × 3 ?, 15, 15
2026-01-28T23:02:17.808749, number_line, 2.41, 0.002, 1.00, Click where you think 0.64 is, 0.64, 0.6383333333333333
2026-01-28T23:02:26.067224, advanced_fraction_comparison_hard, 4.78, 0.000, 1.00, Which is smaller: 1/3 or 1/7?, 1/7, 1/7
2026-01-28T23:02:30.342931, multiplication_choice, 2.64, 0.000, 1.00, What is 7 × 2 ?, 14, 14
2026-01-28T23:02:35.281372, multiplication_choice, 4.27, 0.000, 1.00, What is 6 × 4 ?, 24, 24
2026-01-28T23:02:37.634847, multiplication_choice, 1.61, 0.000, 1.00, What is 2 × 5 ?, 10, 10
2026-01-28T23:02:39.715677, fraction_comparison, 1.25, 0.000, 1.00, Which is smaller: 1/12 or 1/2?, 1/12, 1/12
2026-01-28T23:02:52.400219, multiplication_choice, 11.80, 0.000, 1.00, What is 4 × 4 ?, 16, 16
2026-01-28T23:02:56.117518, multiplication_choice, 3.04, 0.000, 1.00, What is 6 × 3 ?, 18, 18
2026-01-28T23:02:58.136266, fraction_comparison, 1.44, 0.000, 1.00, Which is larger: 1/4 or 4/5?, 4/5, 4/5
2026-01-28T23:03:01.834604, advanced_fraction_comparison_hard, 2.20, 0.000, 1.00, Which is larger: 1/4 or 2/3?, 2/3, 2/3
2026-01-28T23:03:04.646218, advanced_fraction_comparison_hard, 1.93, 0.150, 0.00, Which is larger: 9/10 or 3/4?, 9/10, 3/4
2026-01-28T23:03:30.317754, multiplication_choice, 23.70, 0.000, 1.00, What is 5 × 5 ?, 25, 25
2026-01-28T23:03:31.619167, fraction_comparison, 0.62, 0.083, 0.00, Which is larger: 7/12 or 1/2?, 7/12, 1/2
2026-01-28T23:03:33.971036, multiplication_choice, 0.71, 0.000, 1.00, What is 7 × 3 ?, 21, 21
2026-01-28T23:03:35.340803, multiplication_choice, 0.68, 2.000, 0.00, What is 2 × 5 ?, 10, 8
2026-01-28T23:03:37.152481, multiplication_choice, 1.11, 2.000, 0.00, What is 2 × 2 ?, 4, 2
2026-01-28T23:03:38.763746, multiplication_choice, 0.96, 0.000, 1.00, What is 4 × 3 ?, 12, 12
2026-01-28T23:03:40.430293, multiplication_choice, 0.97, 0.000, 1.00, What is 7 × 2 ?, 14, 14
2026-01-28T23:03:42.745877, fraction_comparison, 1.59, 0.000, 1.00, Which is smaller: 1/4 or 1/12?, 1/12, 1/12
2026-01-28T23:03:43.936708, multiplication_choice, 0.69, 5.000, 0.00, What is 6 × 6 ?, 36, 41
2026-01-28T23:03:45.547488, advanced_fraction_comparison_hard, 0.98, 0.125, 0.00, Which is larger: 5/8 or 3/4?, 3/4, 5/8
2026-01-28T23:03:48.611287, number_line, 2.31, 0.188, 0.30, Click where you think 3/5 is, 0.6, 0.4116666666666667
2026-01-28T23:03:51.793757, multiplication_choice, 2.34, 0.000, 1.00, What is 3 × 4 ?, 12, 12
2026-01-28T23:03:54.234438, multiplication_choice, 1.76, 0.000, 1.00, What is 3 × 4 ?, 12, 12
2026-01-28T23:03:58.100488, multiplication_choice, 3.35, 0.000, 1.00, What is 6 × 4 ?, 24, 24
2026-01-28T23:04:01.163576, number_line, 2.47, 0.003, 1.00, Click where you think 0.77 is, 0.77, 0.7666666666666667
2026-01-28T23:04:06.178402, advanced_fraction_comparison_hard, 2.35, 0.000, 1.00, Which is smaller: 1/2 or 1/8?, 1/8, 1/8
2026-01-28T23:04:08.865423, advanced_fraction_comparison_hard, 1.83, 0.214, 0.00, Which is smaller: 2/7 or 1/2?, 2/7, 1/2
2026-01-28T23:04:10.900938, advanced_fraction_comparison_hard, 1.46, 0.300, 0.00, Which is smaller: 4/5 or 1/2?, 1/2, 4/5
2026-01-28T23:04:13.965212, fraction_comparison, 2.20, 0.000, 1.00, Which is smaller: 1/2 or 9/10?, 1/2, 1/2
2026-01-28T23:04:17.425825, multiplication_choice, 2.49, 0.000, 1.00, What is 6 × 4 ?, 24, 24
2026-01-28T23:04:20.697955, multiplication_choice, 2.35, 3.000, 0.00, What is 2 × 7 ?, 14, 17
2026-01-28T23:04:22.112282, fraction_comparison, 0.80, 0.167, 0.00, Which is larger: 1/3 or 1/2?, 1/2, 1/3
2026-01-28T23:04:25.186013, advanced_fraction_comparison_hard, 1.57, 0.167, 0.00, Which is larger: 1/3 or 1/6?, 1/3, 1/6
2026-01-28T23:04:26.420921, multiplication_choice, 0.60, 3.000, 0.00, What is 5 × 3 ?, 15, 12
2026-01-28T23:04:27.704763, multiplication_choice, 0.63, 2.000, 0.00, What is 4 × 2 ?, 8, 10
2026-01-28T23:04:28.889227, fraction_comparison, 0.53, 0.000, 1.00, Which is smaller: 5/6 or 1/2?, 1/2, 1/2
2026-01-28T23:04:29.822032, multiplication_choice, 0.43, 0.000, 1.00, What is 3 × 4 ?, 12, 12
2026-01-28T23:04:30.989065, multiplication_choice, 0.52, 0.000, 1.00, What is 5 × 6 ?, 30, 30
2026-01-28T23:04:32.822456, multiplication_choice, 1.36, 0.000, 1.00, What is 2 × 4 ?, 8, 8
2026-01-28T23:04:34.214532, number_line, 0.75, 0.323, 0.00, Click where you think 12/13 is, 0.9230769230769231, 0.6
2026-01-28T23:04:35.584875, fraction_comparison, 0.58, 0.083, 0.00, Which is larger: 1/2 or 5/12?, 1/2, 5/12
2026-01-28T23:04:36.554846, fraction_comparison, 0.47, 0.000, 1.00, Which is smaller: 1/2 or 1/4?, 1/4, 1/4
2026-01-28T23:04:37.554764, number_line, 0.52, 0.207, 0.00, Click where you think 3/4 is, 0.75, 0.5433333333333333
2026-01-28T23:04:38.904702, number_line, 0.57, 0.491, 0.00, Click where you think 1/9 is, 0.1111111111111111, 0.6016666666666667
2026-01-28T23:04:40.020407, multiplication_choice, 0.63, 1.000, 0.00, What is 2 × 4 ?, 8, 9
2026-01-28T23:04:40.969589, fraction_comparison, 0.38, 0.000, 1.00, Which is smaller: 2/3 or 1/12?, 1/12, 1/12
2026-01-28T23:04:42.335220, number_line, 0.65, 0.367, 0.00, Click where you think 9/10 is, 0.9, 0.5333333333333333
2026-01-28T23:04:43.780039, multiplication_choice, 0.73, 1.000, 0.00, What is 4 × 4 ?, 16, 17
2026-01-28T23:04:44.738651, multiplication_choice, 0.48, 0.000, 1.00, What is 5 × 2 ?, 10, 10
2026-01-28T23:04:46.684322, fraction_comparison, 1.40, 0.000, 1.00, Which is larger: 1/4 or 5/6?, 5/6, 5/6
2026-01-28T23:04:47.999150, advanced_fraction_comparison_hard, 0.70, 0.000, 1.00, Which is larger: 1/2 or 1/9?, 1/2, 1/2
2026-01-28T23:04:49.346602, multiplication_choice, 0.86, 1.000, 0.00, What is 6 × 6 ?, 36, 35
2026-01-28T23:04:52.697924, multiplication_choice, 1.83, 0.000, 1.00, What is 4 × 2 ?, 8, 8
2026-01-28T23:04:54.547408, multiplication_choice, 1.34, 0.000, 1.00, What is 6 × 2 ?, 12, 12
2026-01-28T23:04:56.426664, multiplication_choice, 1.38, 0.000, 1.00, What is 5 × 5 ?, 25, 25
2026-01-28T23:04:59.373315, number_line, 2.27, 0.007, 1.00, Click where you think 0.56 is, 0.56, 0.5533333333333333
2026-01-28T23:05:00.383571, fraction_comparison, 0.46, 0.000, 1.00, Which is smaller: 1/2 or 1/3?, 1/3, 1/3
2026-01-28T23:05:03.062172, multiplication_choice, 2.31, 0.000, 1.00, What is 5 × 6 ?, 30, 30
2026-01-28T23:05:04.678492, advanced_fraction_comparison_hard, 0.88, 0.000, 1.00, Which is larger: 9/10 or 2/5?, 9/10, 9/10
2026-01-28T23:05:06.501413, multiplication_choice, 1.19, 0.000, 1.00, What is 5 × 2 ?, 10, 10
2026-01-28T23:05:14.973395, multiplication_choice, 7.89, 2.000, 0.00, What is 4 × 4 ?, 16, 18
2026-01-28T23:05:16.711795, multiplication_choice, 1.04, 2.000, 0.00, What is 5 × 3 ?, 15, 17
2026-01-28T23:06:13.965807, multiplication_choice, 56.34, 2.000, 0.00, What is 4 × 4 ?, 16, 18
2026-01-28T23:06:16.311135, multiplication_choice, 1.75, 0.000, 1.00, What is 4 × 2 ?, 8, 8
2026-01-28T23:06:22.929499, multiplication_choice, 5.95, 3.000, 0.00, What is 7 × 6 ?, 42, 45
2026-01-28T23:06:26.904514, multiplication_choice, 0.30, 0.000, 1.00, What is 2 × 4 ?, 8, 8
2026-01-28T23:06:28.006138, multiplication_choice, 0.70, 3.000, 0.00, What is 4 × 3 ?, 12, 15
2026-01-28T23:06:29.297389, multiplication_choice, 0.37, 2.000, 0.00, What is 6 × 3 ?, 18, 16
2026-01-28T23:06:30.562334, multiplication_choice, 0.73, 0.000, 1.00, What is 5 × 4 ?, 20, 20
2026-01-28T23:06:31.985936, multiplication_choice, 0.90, 0.000, 1.00, What is 7 × 7 ?, 49, 49
2026-01-28T23:06:34.055956, advanced_fraction_comparison_hard, 1.44, 0.690, 0.00, Which is smaller: 6/7 or 1/6?, 1/6, 6/7
2026-01-28T23:06:40.107919, number_line, 3.65, 0.010, 1.00, Click where you think 0.18 is, 0.18, 0.17
2026-01-28T23:06:42.171150, advanced_fraction_comparison_hard, 1.13, 0.000, 1.00, Which is larger: 2/5 or 4/7?, 4/7, 4/7
2026-01-28T23:06:43.617455, number_line, 0.93, 0.188, 0.30, Click where you think 0.52 is, 0.52, 0.7083333333333334
2026-01-28T23:06:44.667006, number_line, 0.55, 0.263, 0.00, Click where you think 0.33 is, 0.33, 0.5933333333333334
2026-01-28T23:06:46.293079, multiplication_choice, 0.60, 0.000, 1.00, What is 4 × 5 ?, 20, 20
2026-01-28T23:06:47.870903, multiplication_choice, 0.88, 3.000, 0.00, What is 2 × 4 ?, 8, 11
2026-01-28T23:06:49.360543, multiplication_choice, 0.98, 2.000, 0.00, What is 5 × 3 ?, 15, 13
2026-01-28T23:06:50.568950, advanced_fraction_comparison_hard, 0.52, 0.000, 1.00, Which is smaller: 1/5 or 2/9?, 1/5, 1/5
2026-01-28T23:06:51.812224, number_line, 0.71, 0.022, 0.80, Click where you think 0.58 is, 0.58, 0.6016666666666667
2026-01-28T23:06:54.593089, advanced_fraction_comparison_hard, 1.76, 0.000, 1.00, Which is larger: 3/8 or 1/2?, 1/2, 1/2
2026-01-28T23:06:55.874239, multiplication_choice, 0.82, 0.000, 1.00, What is 3 × 2 ?, 6, 6
2026-01-28T23:06:57.540473, fraction_comparison, 1.12, 0.000, 1.00, Which is smaller: 1/4 or 3/5?, 1/4, 1/4
2026-01-28T23:06:59.513238, advanced_fraction_comparison_hard, 1.24, 0.000, 1.00, Which is larger: 2/5 or 1/4?, 2/5, 2/5
2026-01-28T23:07:01.158055, multiplication_choice, 1.03, 2.000, 0.00, What is 4 × 2 ?, 8, 10
2026-01-28T23:07:02.775753, number_line, 0.55, 0.418, 0.00, Click where you think 0.67 is, 0.67, 0.25166666666666665
2026-01-28T23:07:05.245230, fraction_comparison, 1.13, 0.417, 0.00, Which is smaller: 5/6 or 5/12?, 5/12, 5/6
2026-01-28T23:07:10.047130, advanced_fraction_comparison_hard, 1.87, 0.100, 0.00, Which is smaller: 2/5 or 1/2?, 2/5, 1/2
2026-01-28T23:07:13.080706, advanced_fraction_comparison_hard, 1.84, 0.000, 1.00, Which is larger: 1/9 or 1/2?, 1/2, 1/2
2026-01-28T23:07:57.672652, multiplication_choice, 44.06, 0.000, 1.00, What is 3 × 3 ?, 9, 9
2026-01-28T23:08:07.393103, fraction_comparison, 8.15, 0.000, 1.00, Which is smaller: 3/8 or 1/4?, 1/4, 1/4
2026-01-28T23:08:46.977897, multiplication_choice, 38.95, 0.000, 1.00, What is 5 × 2 ?, 10, 10
2026-01-28T23:08:50.211321, advanced_fraction_comparison_hard, 2.33, 0.000, 1.00, Which is larger: 3/5 or 2/3?, 2/3, 2/3
2026-01-28T23:08:51.759444, fraction_comparison, 0.72, 0.300, 0.00, Which is larger: 1/5 or 1/2?, 1/2, 1/5
2026-01-28T23:08:53.035861, advanced_fraction_comparison_hard, 0.55, 0.200, 0.00, Which is smaller: 3/10 or 1/2?, 3/10, 1/2
2026-01-28T23:08:54.422177, multiplication_choice, 0.60, 0.000, 1.00, What is 4 × 4 ?, 16, 16
2026-01-28T23:08:55.861669, fraction_comparison, 0.64, 0.000, 1.00, Which is larger: 3/4 or 1/2?, 3/4, 3/4
2026-01-28T23:08:57.240895, multiplication_choice, 0.71, 1.000, 0.00, What is 2 × 3 ?, 6, 7
2026-01-28T23:08:58.524325, multiplication_choice, 0.57, 3.000, 0.00, What is 6 × 6 ?, 36, 33
2026-01-28T23:09:00.504472, multiplication_choice, 0.81, 2.000, 0.00, What is 5 × 5 ?, 25, 27
2026-01-28T23:09:01.642894, multiplication_choice, 0.62, 3.000, 0.00, What is 5 × 4 ?, 20, 17
2026-01-28T23:09:05.171374, multiplication_choice, 2.86, 0.000, 1.00, What is 5 × 3 ?, 15, 15
2026-01-28T23:09:09.725103, advanced_fraction_comparison_hard, 3.13, 0.208, 0.00, Which is larger: 1/6 or 3/8?, 3/8, 1/6
2026-01-28T23:09:13.299412, number_line, 2.61, 0.002, 1.00, Click where you think 0.55 is, 0.55, 0.5483333333333333
2026-01-28T23:09:31.036331, multiplication_choice, 7.59, 0.000, 1.00, What is 5 × 4 ?, 20, 20
2026-01-28T23:09:34.041517, multiplication_choice, 1.70, 5.000, 0.00, What is 2 × 3 ?, 6, 11
2026-01-28T23:09:48.673877, multiplication_choice, 14.03, 1.000, 0.00, What is 7 × 7 ?, 49, 48
2026-01-28T23:09:51.557251, multiplication_choice, 1.87, 0.000, 1.00, What is 6 × 2 ?, 12, 12
2026-01-28T23:09:55.391647, multiplication_choice, 3.28, 0.000, 1.00, What is 6 × 6 ?, 36, 36
2026-01-28T23:09:57.006293, fraction_comparison, 0.94, 0.000, 1.00, Which is larger: 7/10 or 1/10?, 7/10, 7/10
2026-01-28T23:09:59.755202, multiplication_choice, 2.13, 0.000, 1.00, What is 2 × 3 ?, 6, 6
2026-01-28T23:10:03.861175, multiplication_choice, 3.49, 0.000, 1.00, What is 3 × 7 ?, 21, 21
2026-01-28T23:10:27.756371, advanced_fraction_comparison_hard, 23.28, 0.467, 0.00, Which is larger: 1/5 or 2/3?, 2/3, 1/5
2026-01-28T23:10:29.457910, multiplication_choice, 1.05, 0.000, 1.00, What is 2 × 4 ?, 8, 8
2026-01-28T23:10:33.733002, multiplication_choice, 3.73, 0.000, 1.00, What is 4 × 4 ?, 16, 16
2026-01-28T23:10:38.308288, multiplication_choice, 3.85, 0.000, 1.00, What is 5 × 4 ?, 20, 20
2026-01-28T23:10:40.821710, multiplication_choice, 1.78, 0.000, 1.00, What is 3 × 4 ?, 12, 12
2026-01-28T23:10:43.806796, fraction_comparison, 2.26, 0.267, 0.00, Which is larger: 2/5 or 2/3?, 2/3, 2/5
2026-01-28T23:10:46.804501, advanced_fraction_comparison_hard, 2.17, 0.000, 1.00, Which is larger: 1/6 or 1/4?, 1/4, 1/4
2026-01-28T23:11:44.655309, multiplication_choice, 57.00, 0.000, 1.00, What is 4 × 5 ?, 20, 20
2026-01-28T23:12:23.967059, advanced_fraction_comparison_hard, 38.58, 0.000, 1.00, Which is smaller: 2/9 or 3/8?, 2/9, 2/9
2026-01-28T23:12:25.543431, multiplication_choice, 1.00, 5.000, 0.00, What is 5 × 5 ?, 25, 30
2026-01-28T23:12:27.558301, fraction_comparison, 1.43, 0.000, 1.00, Which is smaller: 7/12 or 1/3?, 1/3, 1/3
2026-01-28T23:12:32.034956, multiplication_choice, 3.82, 1.000, 0.00, What is 5 × 5 ?, 25, 26
2026-01-29T23:11:27.624576, advanced_fraction_comparison_hard, 28.06, 0.000, 1.00, Which is larger: 3/5 or 1/4?, 3/5, 3/5
2026-01-29T23:11:30.478430, multiplication_choice, 1.43, 0.000, 1.00, What is 5 × 4 ?, 20, 20
2026-01-29T23:11:32.718777, fraction_comparison, 1.55, 0.000, 1.00, Which is larger: 1/2 or 4/5?, 4/5, 4/5
2026-01-29T23:11:36.168376, multiplication_choice, 2.67, 0.000, 1.00, What is 6 × 4 ?, 24, 24
2026-01-29T23:11:38.393399, multiplication_choice, 1.51, 0.000, 1.00, What is 4 × 3 ?, 12, 12
2026-01-29T23:11:43.539590, multiplication_choice, 4.43, 0.000, 1.00, What is 3 × 6 ?, 18, 18
2026-01-29T23:11:45.387313, multiplication_choice, 1.10, 2.000, 0.00, What is 4 × 4 ?, 16, 18
2026-01-29T23:11:47.385247, fraction_comparison, 1.35, 0.000, 1.00, Which is smaller: 1/2 or 2/5?, 2/5, 2/5
2026-01-29T23:11:50.762427, multiplication_choice, 2.56, 0.000, 1.00, What is 5 × 4 ?, 20, 20
2026-01-29T23:11:53.645541, advanced_fraction_comparison_hard, 1.97, 0.100, 0.00, Which is larger: 3/5 or 1/2?, 3/5, 1/2
2026-01-29T23:11:56.042458, multiplication_choice, 1.38, 0.000, 1.00, What is 6 × 6 ?, 36, 36
2026-01-29T23:12:01.129910, multiplication_choice, 3.73, 0.000, 1.00, What is 2 × 2 ?, 4, 4
2026-01-29T23:12:06.692394, number_line, 4.38, 0.297, 0.00, Click where you think 1/7 is, 0.14285714285714285, 0.44
2026-01-29T23:12:31.812223, multiplication_choice, 23.28, 1.000, 0.00, What is 6 × 3 ?, 18, 17
2026-01-29T23:12:35.448998, multiplication_choice, 1.61, 1.000, 0.00, What is 3 × 4 ?, 12, 13
2026-01-29T23:12:39.349245, fraction_comparison, 2.97, 0.000, 1.00, Which is larger: 2/3 or 1/3?, 2/3, 2/3
2026-01-29T23:12:41.949171, advanced_fraction_comparison_hard, 1.61, 0.000, 1.00, Which is smaller: 4/9 or 1/8?, 1/8, 1/8
2026-01-29T23:12:47.064628, number_line, 4.37, 0.237, 0.00, Click where you think 4/5 is, 0.8, 0.5633333333333334
2026-01-29T23:12:50.505644, advanced_fraction_comparison_hard, 2.46, 0.500, 0.00, Which is larger: 3/10 or 4/5?, 4/5, 3/10
2026-01-29T23:12:52.994829, multiplication_choice, 1.69, 0.000, 1.00, What is 5 × 2 ?, 10, 10
2026-01-29T23:12:55.131550, multiplication_choice, 1.44, 2.000, 0.00, What is 4 × 5 ?, 20, 22
2026-01-29T23:12:58.347980, fraction_comparison, 1.40, 0.000, 1.00, Which is larger: 3/4 or 1/4?, 3/4, 3/4
2026-01-29T23:13:01.120232, multiplication_choice, 1.42, 0.000, 1.00, What is 3 × 2 ?, 6, 6
2026-01-29T23:13:03.949242, multiplication_choice, 2.00, 0.000, 1.00, What is 5 × 2 ?, 10, 10
2026-01-29T23:13:06.183822, multiplication_choice, 1.55, 0.000, 1.00, What is 5 × 5 ?, 25, 25
2026-01-29T23:13:10.083372, fraction_comparison, 3.10, 0.000, 1.00, Which is larger: 2/9 or 2/5?, 2/5, 2/5
2026-01-29T23:13:14.243682, advanced_fraction_comparison_hard, 3.13, 0.178, 0.00, Which is larger: 2/5 or 2/9?, 2/5, 2/9
2026-01-29T23:13:21.482254, number_line, 6.28, 0.002, 1.00, Click where you think 0.9 is, 0.9, 0.9016666666666666
2026-01-29T23:13:27.295304, multiplication_choice, 4.12, 0.000, 1.00, What is 2 × 2 ?, 4, 4
2026-01-29T23:13:34.827578, multiplication_choice, 6.80, 0.000, 1.00, What is 6 × 2 ?, 12, 12
2026-01-29T23:13:46.405845, multiplication_choice, 10.78, 0.000, 1.00, What is 2 × 4 ?, 8, 8
2026-01-29T23:13:55.844038, multiplication_choice, 8.46, 0.000, 1.00, What is 5 × 2 ?, 10, 10
2026-01-29T23:13:57.954650, multiplication_choice, 1.36, 0.000, 1.00, What is 4 × 2 ?, 8, 8
2026-01-29T23:14:00.383675, fraction_comparison, 1.76, 0.000, 1.00, Which is larger: 5/6 or 1/9?, 5/6, 5/6
2026-01-29T23:14:04.700166, advanced_fraction_comparison_hard, 3.36, 0.000, 1.00, Which is smaller: 7/8 or 4/7?, 4/7, 4/7
2026-01-29T23:14:36.523868, multiplication_choice, 31.13, 0.000, 1.00, What is 2 × 3 ?, 6, 6
2026-01-29T23:14:48.583351, multiplication_choice, 11.34, 2.000, 0.00, What is 5 × 6 ?, 30, 28
2026-01-29T23:14:51.264704, multiplication_choice, 1.97, 0.000, 1.00, What is 5 × 3 ?, 15, 15
2026-01-29T23:14:54.341623, multiplication_choice, 2.15, 3.000, 0.00, What is 4 × 6 ?, 24, 21
2026-01-29T23:14:57.493003, fraction_comparison, 1.43, 0.000, 1.00, Which is smaller: 5/6 or 3/4?, 3/4, 3/4
2026-01-29T23:14:59.966458, multiplication_choice, 1.43, 0.000, 1.00, What is 5 × 2 ?, 10, 10
2026-01-29T23:15:04.449050, multiplication_choice, 3.64, 1.000, 0.00, What is 2 × 7 ?, 14, 13
2026-01-29T23:15:06.943710, multiplication_choice, 1.70, 1.000, 0.00, What is 4 × 4 ?, 16, 17
2026-01-29T23:15:09.796010, multiplication_choice, 2.06, 0.000, 1.00, What is 7 × 2 ?, 14, 14
2026-01-29T23:15:13.446485, multiplication_choice, 2.49, 0.000, 1.00, What is 5 × 3 ?, 15, 15
2026-01-29T23:15:23.783180, multiplication_choice, 9.51, 0.000, 1.00, What is 3 × 6 ?, 18, 18
2026-01-29T23:15:27.089445, number_line, 2.66, 0.002, 1.00, Click where you think 9/10 is, 0.9, 0.9016666666666666
2026-01-29T23:15:34.824121, multiplication_choice, 2.23, 0.000, 1.00, What is 3 × 3 ?, 9, 9
2026-01-29T23:15:40.141919, number_line, 4.48, 0.053, 0.60, Click where you think 9/11 is, 0.8181818181818182, 0.765
2026-01-29T23:15:45.405501, multiplication_choice, 3.91, 0.000, 1.00, What is 3 × 4 ?, 12, 12
2026-01-29T23:15:57.643225, multiplication_choice, 11.54, 0.000, 1.00, What is 5 × 3 ?, 15, 15
2026-01-29T23:16:00.776688, advanced_fraction_comparison_hard, 2.33, 0.000, 1.00, Which is smaller: 1/9 or 7/10?, 1/9, 1/9
2026-01-29T23:16:04.160612, number_line, 2.59, 0.027, 0.80, Click where you think 14/15 is, 0.9333333333333333, 0.9066666666666666
2026-01-29T23:16:09.247843, number_line, 3.86, 0.000, 1.00, Click where you think 0.55 is, 0.55, 0.55
2026-01-29T23:16:14.259821, fraction_comparison, 1.20, 0.000, 1.00, Which is larger: 2/9 or 11/12?, 11/12, 11/12
2026-01-29T23:16:58.993652, advanced_fraction_comparison_hard, 44.02, 0.292, 0.00, Which is larger: 2/3 or 3/8?, 2/3, 3/8
2026-01-29T23:17:06.174594, multiplication_choice, 6.46, 0.000, 1.00, What is 6 × 3 ?, 18, 18
2026-01-29T23:17:08.839282, fraction_comparison, 1.79, 0.000, 1.00, Which is larger: 1/6 or 2/5?, 2/5, 2/5
2026-01-29T23:17:11.341208, multiplication_choice, 1.83, 0.000, 1.00, What is 7 × 2 ?, 14, 14
2026-01-29T23:17:14.457856, multiplication_choice, 2.23, 0.000, 1.00, What is 5 × 4 ?, 20, 20
2026-01-29T23:17:26.342287, multiplication_choice, 11.15, 0.000, 1.00, What is 2 × 3 ?, 6, 6
2026-01-29T23:17:34.044018, multiplication_choice, 6.42, 2.000, 0.00, What is 7 × 5 ?, 35, 33
2026-01-29T23:17:35.921278, fraction_comparison, 1.11, 0.000, 1.00, Which is larger: 2/5 or 9/10?, 9/10, 9/10
2026-01-29T23:17:38.860720, multiplication_choice, 2.24, 0.000, 1.00, What is 2 × 6 ?, 12, 12
2026-01-29T23:17:43.027349, multiplication_choice, 3.37, 0.000, 1.00, What is 6 × 4 ?, 24, 24
2026-01-29T23:17:45.375103, multiplication_choice, 1.30, 0.000, 1.00, What is 4 × 6 ?, 24, 24
2026-01-29T23:17:48.639313, number_line, 2.10, 0.002, 1.00, Click where you think 5/6 is, 0.8333333333333334, 0.835
2026-01-29T23:17:58.736735, number_line, 3.10, 0.002, 1.00, Click where you think 0.64 is, 0.64, 0.6416666666666667
2026-01-29T23:18:07.273175, number_line, 6.21, 0.002, 1.00, Click where you think 0.86 is, 0.86, 0.8583333333333333
2026-01-29T23:18:10.709408, fraction_comparison, 1.15, 0.000, 1.00, Which is larger: 1/2 or 7/8?, 7/8, 7/8
2026-01-29T23:18:13.490459, fraction_comparison, 2.06, 0.000, 1.00, Which is larger: 1/2 or 4/9?, 1/2, 1/2
2026-01-29T23:18:15.584713, fraction_comparison, 1.42, 0.000, 1.00, Which is smaller: 1/12 or 1/2?, 1/12, 1/12
2026-01-29T23:18:19.195312, number_line, 2.97, 0.008, 1.00, Click where you think 0.57 is, 0.57, 0.5616666666666666
2026-01-29T23:18:26.759692, multiplication_choice, 6.30, 0.000, 1.00, What is 6 × 3 ?, 18, 18
2026-01-29T23:18:29.107316, multiplication_choice, 1.48, 0.000, 1.00, What is 6 × 3 ?, 18, 18
2026-01-29T23:18:33.399603, fraction_comparison, 3.18, 0.000, 1.00, Which is larger: 1/4 or 1/3?, 1/3, 1/3
2026-01-29T23:18:53.343245, fraction_comparison, 19.06, 0.000, 1.00, Which is smaller: 7/9 or 9/10?, 7/9, 7/9
2026-01-29T23:19:04.075345, advanced_fraction_comparison_hard, 9.33, 0.000, 1.00, Which is smaller: 1/6 or 1/4?, 1/6, 1/6
2026-01-29T23:19:07.087659, multiplication_choice, 1.98, 0.000, 1.00, What is 2 × 4 ?, 8, 8
2026-01-29T23:19:10.302135, advanced_fraction_comparison_hard, 2.35, 0.000, 1.00, Which is smaller: 8/9 or 1/3?, 1/3, 1/3
2026-01-29T23:19:14.339515, number_line, 2.73, 0.002, 1.00, Click where you think 1/2 is, 0.5, 0.5016666666666667
2026-01-29T23:19:20.229665, multiplication_choice, 4.37, 3.000, 0.00, What is 6 × 5 ?, 30, 33
2026-01-29T23:19:24.259564, multiplication_choice, 2.61, 0.000, 1.00, What is 6 × 2 ?, 12, 12
2026-01-29T23:19:26.131342, number_line, 1.21, 0.178, 0.30, Click where you think 13/15 is, 0.8666666666666667, 0.6883333333333334
2026-01-29T23:19:30.254943, multiplication_choice, 2.95, 0.000, 1.00, What is 4 × 5 ?, 20, 20
2026-01-29T23:19:33.471870, multiplication_choice, 2.48, 0.000, 1.00, What is 3 × 4 ?, 12, 12
2026-01-29T23:19:36.925578, number_line, 2.65, 0.002, 1.00, Click where you think 0.74 is, 0.74, 0.7383333333333333
2026-01-29T23:19:43.060498, advanced_fraction_comparison_hard, 4.50, 0.000, 1.00, Which is larger: 1/2 or 11/12?, 11/12, 11/12
2026-01-29T23:19:45.657656, fraction_comparison, 1.47, 0.000, 1.00, Which is smaller: 3/4 or 2/3?, 2/3, 2/3
2026-01-29T23:19:56.439379, multiplication_choice, 10.05, 3.000, 0.00, What is 7 × 5 ?, 35, 32
2026-01-29T23:19:58.666788, multiplication_choice, 1.45, 2.000, 0.00, What is 4 × 7 ?, 28, 26
2026-01-29T23:20:00.092915, multiplication_choice, 0.65, 1.000, 0.00, What is 3 × 4 ?, 12, 13
2026-01-29T23:20:02.456475, multiplication_choice, 1.48, 2.000, 0.00, What is 2 × 4 ?, 8, 6
2026-01-29T23:20:03.395704, multiplication_choice, 0.44, 3.000, 0.00, What is 6 × 6 ?, 36, 39
2026-01-29T23:20:07.342944, multiplication_choice, 2.42, 0.000, 1.00, What is 4 × 3 ?, 12, 12
2026-01-29T23:20:11.562646, advanced_fraction_comparison_hard, 3.50, 0.167, 0.00, Which is smaller: 1/6 or 1/3?, 1/6, 1/3
2026-01-29T23:20:14.891719, number_line, 2.28, 0.065, 0.60, Click where you think 3/5 is, 0.6, 0.535
2026-01-29T23:20:19.191430, advanced_fraction_comparison_hard, 3.38, 0.000, 1.00, Which is larger: 2/3 or 1/12?, 2/3, 2/3
2026-01-29T23:20:33.504628, advanced_fraction_comparison_hard, 13.45, 0.083, 0.00, Which is smaller: 1/4 or 1/3?, 1/4, 1/3
2026-01-29T23:20:37.140122, multiplication_choice, 2.52, 0.000, 1.00, What is 7 × 7 ?, 49, 49
2026-01-29T23:20:39.923646, multiplication_choice, 1.57, 0.000, 1.00, What is 4 × 2 ?, 8, 8
2026-01-29T23:20:43.106131, multiplication_choice, 2.33, 0.000, 1.00, What is 3 × 2 ?, 6, 6
2026-01-29T23:20:45.509659, advanced_fraction_comparison_hard, 1.65, 0.190, 0.00, Which is smaller: 1/7 or 1/3?, 1/7, 1/3
2026-01-29T23:20:48.057761, multiplication_choice, 1.82, 0.000, 1.00, What is 5 × 2 ?, 10, 10
2026-01-29T23:20:50.021841, advanced_fraction_comparison_hard, 1.02, 0.000, 1.00, Which is larger: 4/5 or 1/2?, 4/5, 4/5
2026-01-29T23:20:51.605745, advanced_fraction_comparison_hard, 0.83, 0.000, 1.00, Which is larger: 1/2 or 1/4?, 1/2, 1/2
2026-01-29T23:21:28.340259, fraction_comparison, 35.57, 0.000, 1.00, Which is larger: 1/9 or 2/3?, 2/3, 2/3
2026-01-29T23:21:30.608035, fraction_comparison, 1.44, 0.000, 1.00, Which is smaller: 3/4 or 5/6?, 3/4, 3/4
2026-01-29T23:21:33.673229, multiplication_choice, 2.35, 0.000, 1.00, What is 5 × 3 ?, 15, 15
2026-01-29T23:21:36.555435, advanced_fraction_comparison_hard, 2.14, 0.000, 1.00, Which is smaller: 11/12 or 2/3?, 2/3, 2/3
2026-01-29T23:21:39.854237, multiplication_choice, 2.63, 0.000, 1.00, What is 2 × 4 ?, 8, 8
2026-01-29T23:22:41.543521, advanced_fraction_comparison_hard, 60.83, 0.000, 1.00, Which is smaller: 7/10 or 1/6?, 1/6, 1/6
2026-01-31T00:10:05.881358, multiplication_choice, 39.06, 2.000, 0.00, What is 4 × 5 ?, 20, 18
2026-01-31T00:10:10.528921, number_line, 3.16, 0.002, 1.00, Click where you think 0.44 is, 0.44, 0.44166666666666665
2026-01-31T00:10:14.936465, multiplication_choice, 2.21, 0.000, 1.00, What is 3 × 5 ?, 15, 15
2026-01-31T00:10:19.365369, multiplication_choice, 3.56, 0.000, 1.00, What is 5 × 6 ?, 30, 30
2026-01-31T00:10:21.869790, advanced_fraction_comparison_hard, 1.83, 0.000, 1.00, Which is smaller: 2/5 or 1/4?, 1/4, 1/4
2026-01-31T00:10:24.059135, number_line, 1.44, 0.018, 0.80, Click where you think 7/10 is, 0.7, 0.7183333333333334
2026-01-31T00:10:27.596420, fraction_comparison, 2.67, 0.250, 0.00, Which is smaller: 1/2 or 3/4?, 1/2, 3/4
2026-01-31T00:10:35.870290, multiplication_choice, 7.48, 0.000, 1.00, What is 5 × 2 ?, 10, 10
2026-01-31T00:10:38.570443, fraction_comparison, 1.49, 0.000, 1.00, Which is larger: 2/9 or 4/5?, 4/5, 4/5
2026-01-31T00:10:42.543171, number_line, 3.18, 0.003, 1.00, Click where you think 0.14 is, 0.14, 0.14333333333333334
2026-01-31T00:10:46.427776, number_line, 2.48, 0.007, 1.00, Click where you think 0.69 is, 0.69, 0.6833333333333333
2026-01-31T00:10:48.708989, multiplication_choice, 1.18, 1.000, 0.00, What is 4 × 6 ?, 24, 25
2026-01-31T00:10:49.692544, multiplication_choice, 0.50, 3.000, 0.00, What is 3 × 2 ?, 6, 9
2026-01-31T00:10:50.430590, multiplication_choice, 0.33, 1.000, 0.00, What is 3 × 2 ?, 6, 5
2026-01-31T00:10:52.209438, advanced_fraction_comparison_hard, 1.46, 0.244, 0.00, Which is larger: 4/5 or 5/9?, 4/5, 5/9
2026-01-31T00:10:53.494521, fraction_comparison, 0.58, 0.000, 1.00, Which is smaller: 5/6 or 1/6?, 1/6, 1/6
2026-01-31T00:10:54.643288, multiplication_choice, 0.41, 0.000, 1.00, What is 2 × 3 ?, 6, 6
2026-01-31T00:10:55.694630, multiplication_choice, 0.34, 3.000, 0.00, What is 5 × 3 ?, 15, 18
2026-01-31T00:10:56.881319, multiplication_choice, 0.39, 2.000, 0.00, What is 5 × 5 ?, 25, 23
2026-01-31T00:10:57.765479, multiplication_choice, 0.43, 0.000, 1.00, What is 6 × 5 ?, 30, 30
2026-01-31T00:10:58.821082, multiplication_choice, 0.29, 2.000, 0.00, What is 5 × 2 ?, 10, 12
2026-01-31T00:10:59.998555, multiplication_choice, 0.66, 0.000, 1.00, What is 2 × 2 ?, 4, 4
2026-01-31T00:11:01.054038, multiplication_choice, 0.37, 0.000, 1.00, What is 6 × 7 ?, 42, 42
2026-01-31T00:11:02.492444, advanced_fraction_comparison_hard, 0.92, 0.111, 0.00, Which is smaller: 2/3 or 7/9?, 2/3, 7/9
2026-01-31T00:11:04.024330, multiplication_choice, 0.98, 5.000, 0.00, What is 4 × 7 ?, 28, 33
2026-01-31T00:11:05.211186, advanced_fraction_comparison_hard, 0.62, 0.238, 0.00, Which is larger: 4/7 or 1/3?, 4/7, 1/3
2026-01-31T00:11:07.803193, multiplication_choice, 0.73, 2.000, 0.00, What is 6 × 3 ?, 18, 16
2026-01-31T00:11:09.149394, multiplication_choice, 0.66, 1.000, 0.00, What is 5 × 4 ?, 20, 19
2026-01-31T00:11:10.381701, number_line, 0.60, 0.428, 0.00, Click where you think 0.78 is, 0.78, 0.3516666666666667
2026-01-31T00:11:12.598908, multiplication_choice, 0.50, 0.000, 1.00, What is 3 × 3 ?, 9, 9
2026-01-31T00:11:15.116170, multiplication_choice, 1.59, 1.000, 0.00, What is 3 × 4 ?, 12, 13
2026-01-31T00:11:18.841590, number_line, 0.62, 0.180, 0.30, Click where you think 3/4 is, 0.75, 0.57
2026-01-31T00:11:21.928845, advanced_fraction_comparison_hard, 1.33, 0.167, 0.00, Which is larger: 1/2 or 1/3?, 1/2, 1/3
2026-01-31T00:11:23.662560, advanced_fraction_comparison_hard, 1.15, 0.111, 0.00, Which is larger: 2/3 or 5/9?, 2/3, 5/9
2026-01-31T00:11:25.212333, multiplication_choice, 0.81, 0.000, 1.00, What is 5 × 5 ?, 25, 25
2026-01-31T00:11:26.611684, advanced_fraction_comparison_hard, 0.78, 0.000, 1.00, Which is smaller: 11/12 or 1/2?, 1/2, 1/2
2026-01-31T00:11:27.894869, number_line, 0.66, 0.205, 0.00, Click where you think 4/7 is, 0.5714285714285714, 0.7766666666666666
2026-01-31T00:11:31.138845, multiplication_choice, 2.13, 2.000, 0.00, What is 7 × 7 ?, 49, 47
2026-01-31T00:17:02.514097, fraction_comparison, 0.47, 0.000, 1.00, Which is smaller: 3/5 or 1/6?, 1/6, 1/6
2026-01-31T00:17:03.766926, fraction_comparison, 0.60, 0.000, 1.00, Which is smaller: 1/2 or 3/8?, 3/8, 3/8
2026-01-31T00:17:05.118219, advanced_fraction_comparison_hard, 0.76, 0.107, 0.00, Which is smaller: 3/4 or 6/7?, 3/4, 6/7
2026-01-31T00:17:06.478692, multiplication_choice, 0.66, 3.000, 0.00, What is 4 × 6 ?, 24, 21
2026-01-31T00:17:11.766040, multiplication_choice, 4.74, 1.000, 0.00, What is 5 × 2 ?, 10, 11
2026-01-31T00:17:13.246929, multiplication_choice, 0.82, 1.000, 0.00, What is 4 × 2 ?, 8, 7
2026-01-31T00:17:15.105034, advanced_fraction_comparison_hard, 0.93, 0.000, 1.00, Which is smaller: 2/3 or 1/4?, 1/4, 1/4
2026-01-31T00:17:16.374238, multiplication_choice, 0.67, 1.000, 0.00, What is 4 × 2 ?, 8, 7
2026-01-31T00:17:19.355971, fraction_comparison, 0.74, 0.000, 1.00, Which is smaller: 3/4 or 3/8?, 3/8, 3/8
2026-01-31T00:17:20.754567, advanced_fraction_comparison_hard, 0.87, 0.000, 1.00, Which is larger: 1/2 or 1/7?, 1/2, 1/2
2026-01-31T00:17:22.040602, advanced_fraction_comparison_hard, 0.64, 0.400, 0.00, Which is larger: 9/10 or 1/2?, 9/10, 1/2
2026-01-31T00:17:23.447930, multiplication_choice, 0.67, 1.000, 0.00, What is 2 × 2 ?, 4, 3
2026-01-31T00:17:25.113248, multiplication_choice, 1.08, 1.000, 0.00, What is 5 × 2 ?, 10, 11
2026-01-31T00:17:30.951818, fraction_comparison, 5.01, 0.000, 1.00, Which is larger: 2/5 or 3/5?, 3/5, 3/5
2026-01-31T00:17:33.385557, multiplication_choice, 1.73, 0.000, 1.00, What is 2 × 5 ?, 10, 10
2026-01-31T00:17:45.701019, fraction_comparison, 10.97, 0.000, 1.00, Which is larger: 2/5 or 3/4?, 3/4, 3/4
2026-01-31T00:17:47.201883, multiplication_choice, 0.93, 1.000, 0.00, What is 2 × 3 ?, 6, 7
2026-01-31T00:17:49.152526, multiplication_choice, 1.38, 3.000, 0.00, What is 5 × 3 ?, 15, 18
2026-01-31T00:17:50.493360, multiplication_choice, 0.55, 3.000, 0.00, What is 2 × 5 ?, 10, 7
2026-01-31T00:17:52.457537, multiplication_choice, 1.22, 5.000, 0.00, What is 2 × 5 ?, 10, 15
2026-01-31T00:19:37.135414, number_line, 103.78, 0.422, 0.00, Click where you think 0.27 is, 0.27, 0.6916666666666667
2026-01-31T00:19:38.751524, multiplication_choice, 0.97, 3.000, 0.00, What is 4 × 2 ?, 8, 11
2026-01-31T00:19:40.184704, advanced_fraction_comparison_hard, 0.82, 0.000, 1.00, Which is smaller: 1/3 or 1/6?, 1/6, 1/6
2026-01-31T00:19:41.326806, advanced_fraction_comparison_hard, 0.64, 0.300, 0.00, Which is larger: 1/2 or 1/5?, 1/2, 1/5
2026-01-31T00:19:42.159679, fraction_comparison, 0.38, 0.067, 0.00, Which is smaller: 3/5 or 2/3?, 3/5, 2/3
2026-01-31T00:19:43.385210, multiplication_choice, 0.85, 3.000, 0.00, What is 5 × 5 ?, 25, 22
2026-01-31T00:20:19.169047, advanced_fraction_comparison_hard, 35.05, 0.000, 1.00, Which is smaller: 3/7 or 5/6?, 3/7, 3/7
2026-01-31T00:20:22.086839, number_line, 2.33, 0.003, 1.00, Click where you think 0.55 is, 0.55, 0.5466666666666666
2026-01-31T00:20:31.868537, advanced_fraction_comparison_hard, 8.29, 0.167, 0.00, Which is smaller: 2/3 or 1/2?, 1/2, 2/3
2026-01-31T00:20:33.901546, advanced_fraction_comparison_hard, 1.24, 0.000, 1.00, Which is smaller: 2/3 or 1/3?, 1/3, 1/3
2026-01-31T00:20:37.284794, multiplication_choice, 2.82, 0.000, 1.00, What is 5 × 5 ?, 25, 25
2026-01-31T00:20:41.649872, number_line, 3.77, 0.012, 0.80, Click where you think 0.47 is, 0.47, 0.4583333333333333
2026-01-31T00:20:47.409194, multiplication_choice, 4.18, 0.000, 1.00, What is 2 × 2 ?, 4, 4
2026-01-31T00:20:59.466230, advanced_fraction_comparison_hard, 11.17, 0.000, 1.00, Which is smaller: 7/10 or 1/2?, 1/2, 1/2
2026-01-31T00:21:10.700170, fraction_comparison, 9.35, 0.000, 1.00, Which is smaller: 4/9 or 1/2?, 4/9, 4/9
2026-01-31T00:21:15.766800, number_line, 4.10, 0.003, 1.00, Click where you think 0.64 is, 0.64, 0.6433333333333333
2026-01-31T00:21:39.294239, number_line, 19.04, 0.010, 0.80, Click where you think 1/4 is, 0.25, 0.26
2026-01-31T00:21:55.266523, multiplication_choice, 14.59, 0.000, 1.00, What is 4 × 3 ?, 12, 12
2026-01-31T00:21:56.848583, multiplication_choice, 0.95, 1.000, 0.00, What is 4 × 6 ?, 24, 25
2026-01-31T00:21:59.687720, number_line, 1.86, 0.176, 0.30, Click where you think 8/11 is, 0.7272727272727273, 0.5516666666666666
2026-01-31T00:22:01.500103, fraction_comparison, 0.70, 0.000, 1.00, Which is smaller: 1/4 or 5/6?, 1/4, 1/4
2026-01-31T00:22:04.271673, multiplication_choice, 2.09, 0.000, 1.00, What is 3 × 3 ?, 9, 9
2026-01-31T00:22:06.001097, number_line, 1.09, 0.162, 0.30, Click where you think 4/9 is, 0.4444444444444444, 0.6066666666666667
2026-01-31T00:22:07.248136, fraction_comparison, 0.65, 0.083, 0.00, Which is smaller: 1/6 or 1/4?, 1/6, 1/4
2026-01-31T00:22:08.164081, fraction_comparison, 0.43, 0.000, 1.00, Which is larger: 4/9 or 2/3?, 2/3, 2/3
2026-01-31T00:22:10.055328, number_line, 0.30, 0.790, 0.00, Click where you think 0.87 is, 0.87, 0.08
2026-01-31T00:22:13.192171, multiplication_choice, 1.58, 2.000, 0.00, What is 5 × 2 ?, 10, 12
2026-01-31T00:22:15.116184, number_line, 1.19, 0.332, 0.00, Click where you think 5/13 is, 0.38461538461538464, 0.7166666666666667
2026-01-31T00:23:18.360675, multiplication_choice, 62.22, 0.000, 1.00, What is 3 × 2 ?, 6, 6
2026-01-31T00:23:21.018178, multiplication_choice, 1.97, 0.000, 1.00, What is 2 × 4 ?, 8, 8
2026-01-31T00:23:24.333782, fraction_comparison, 2.10, 0.000, 1.00, Which is smaller: 5/6 or 9/10?, 5/6, 5/6
2026-01-31T00:23:29.364499, advanced_fraction_comparison_hard, 4.35, 0.000, 1.00, Which is smaller: 2/7 or 1/5?, 1/5, 1/5
2026-01-31T00:23:31.978351, multiplication_choice, 1.28, 0.000, 1.00, What is 5 × 3 ?, 15, 15
2026-01-31T00:23:35.015207, multiplication_choice, 1.84, 0.000, 1.00, What is 2 × 5 ?, 10, 10
2026-01-31T00:23:37.730991, multiplication_choice, 1.62, 0.000, 1.00, What is 2 × 4 ?, 8, 8
2026-01-31T00:23:44.320756, number_line, 5.39, 0.002, 1.00, Click where you think 0.7 is, 0.7, 0.6983333333333334
2026-01-31T00:23:55.168632, multiplication_choice, 1.40, 0.000, 1.00, What is 3 × 4 ?, 12, 12
2026-01-31T00:23:57.929780, multiplication_choice, 2.10, 0.000, 1.00, What is 2 × 4 ?, 8, 8
2026-01-31T00:23:59.887845, fraction_comparison, 0.98, 0.000, 1.00, Which is smaller: 3/4 or 4/9?, 4/9, 4/9
2026-01-31T00:24:04.737111, advanced_fraction_comparison_hard, 3.45, 0.000, 1.00, Which is larger: 2/9 or 1/2?, 1/2, 1/2
2026-01-31T00:24:11.707877, advanced_fraction_comparison_hard, 5.93, 0.267, 0.00, Which is smaller: 1/3 or 3/5?, 1/3, 3/5
2026-01-31T00:24:17.038761, advanced_fraction_comparison_hard, 4.30, 0.208, 0.00, Which is larger: 3/8 or 1/6?, 3/8, 1/6
2026-01-31T00:24:22.171638, number_line, 4.46, 0.002, 1.00, Click where you think 0.45 is, 0.45, 0.4483333333333333
2026-01-31T00:24:27.983816, multiplication_choice, 4.25, 0.000, 1.00, What is 6 × 6 ?, 36, 36
2026-01-31T00:24:31.706105, multiplication_choice, 2.17, 0.000, 1.00, What is 7 × 7 ?, 49, 49
2026-01-31T00:24:35.697317, multiplication_choice, 2.96, 0.000, 1.00, What is 4 × 5 ?, 20, 20
2026-01-31T00:24:38.388141, multiplication_choice, 1.91, 0.000, 1.00, What is 5 × 2 ?, 10, 10
2026-01-31T00:24:43.215036, multiplication_choice, 4.14, 0.000, 1.00, What is 2 × 3 ?, 6, 6
2026-01-31T00:24:45.842455, fraction_comparison, 1.89, 0.000, 1.00, Which is smaller: 1/6 or 1/4?, 1/6, 1/6
2026-01-31T00:24:49.991226, multiplication_choice, 2.85, 3.000, 0.00, What is 3 × 2 ?, 6, 3
2026-01-31T00:24:52.454099, multiplication_choice, 1.71, 0.000, 1.00, What is 2 × 5 ?, 10, 10
2026-01-31T00:25:44.319983, advanced_fraction_comparison_hard, 51.04, 0.000, 1.00, Which is smaller: 5/6 or 1/2?, 1/2, 1/2
2026-01-31T00:25:46.701777, number_line, 1.69, 0.157, 0.30, Click where you think 2/5 is, 0.4, 0.24333333333333335
2026-01-31T00:25:49.283281, multiplication_choice, 1.65, 0.000, 1.00, What is 4 × 3 ?, 12, 12
2026-01-31T00:25:51.034772, number_line, 1.00, 0.017, 0.80, Click where you think 3/5 is, 0.6, 0.5833333333333334
2026-01-31T00:25:52.360941, fraction_comparison, 0.57, 0.000, 1.00, Which is smaller: 4/5 or 1/3?, 1/3, 1/3
2026-01-31T00:25:55.302693, multiplication_choice, 2.44, 0.000, 1.00, What is 5 × 5 ?, 25, 25
2026-01-31T00:25:58.579660, multiplication_choice, 2.61, 0.000, 1.00, What is 6 × 6 ?, 36, 36
2026-01-31T00:26:00.844678, fraction_comparison, 1.18, 0.000, 1.00, Which is smaller: 5/12 or 8/9?, 5/12, 5/12
2026-01-31T00:26:02.845334, fraction_comparison, 1.26, 0.500, 0.00, Which is larger: 3/5 or 1/10?, 3/5, 1/10
2026-01-31T00:26:05.513475, fraction_comparison, 1.99, 0.000, 1.00, Which is larger: 1/6 or 9/10?, 9/10, 9/10
2026-01-31T00:26:08.064317, number_line, 1.84, 0.005, 1.00, Click where you think 0.44 is, 0.44, 0.445
2026-01-31T00:26:16.740025, number_line, 7.08, 0.005, 1.00, Click where you think 5/8 is, 0.625, 0.62
2026-01-31T00:26:19.374463, multiplication_choice, 1.50, 0.000, 1.00, What is 5 × 4 ?, 20, 20
2026-01-31T00:26:26.829738, number_line, 6.60, 0.003, 1.00, Click where you think 0.25 is, 0.25, 0.25333333333333335
2026-01-31T00:26:34.330469, multiplication_choice, 6.23, 0.000, 1.00, What is 7 × 3 ?, 21, 21
2026-01-31T00:26:38.862030, multiplication_choice, 3.81, 0.000, 1.00, What is 4 × 4 ?, 16, 16
2026-01-31T00:26:47.891676, advanced_fraction_comparison_hard, 8.38, 0.000, 1.00, Which is larger: 3/5 or 5/12?, 3/5, 3/5
2026-01-31T00:26:50.073713, multiplication_choice, 1.61, 0.000, 1.00, What is 3 × 5 ?, 15, 15
2026-01-31T00:26:52.291220, advanced_fraction_comparison_hard, 1.58, 0.000, 1.00, Which is smaller: 1/9 or 7/10?, 1/9, 1/9
2026-01-31T00:27:14.253824, multiplication_choice, 21.28, 1.000, 0.00, What is 2 × 5 ?, 10, 9
2026-01-31T00:27:16.238827, advanced_fraction_comparison_hard, 0.74, 0.000, 1.00, Which is smaller: 3/4 or 1/9?, 1/9, 1/9
2026-01-31T00:27:19.067853, fraction_comparison, 1.01, 0.350, 0.00, Which is larger: 3/5 or 1/4?, 3/5, 1/4
2026-01-31T00:27:20.147842, advanced_fraction_comparison_hard, 0.50, 0.000, 1.00, Which is larger: 2/5 or 2/3?, 2/3, 2/3
2026-01-31T00:27:22.258732, multiplication_choice, 1.46, 1.000, 0.00, What is 2 × 6 ?, 12, 13
2026-01-31T00:27:23.558915, fraction_comparison, 0.52, 0.000, 1.00, Which is smaller: 3/5 or 1/5?, 1/5, 1/5
2026-01-31T00:27:24.422423, advanced_fraction_comparison_hard, 0.40, 0.583, 0.00, Which is larger: 3/4 or 1/6?, 3/4, 1/6
2026-01-31T00:27:25.928685, fraction_comparison, 0.58, 0.300, 0.00, Which is smaller: 1/5 or 1/2?, 1/5, 1/2
2026-01-31T00:27:27.184593, multiplication_choice, 0.49, 3.000, 0.00, What is 2 × 2 ?, 4, 7
2026-01-31T00:27:30.019749, multiplication_choice, 1.35, 0.000, 1.00, What is 4 × 3 ?, 12, 12
2026-01-31T00:27:33.464498, multiplication_choice, 2.82, 0.000, 1.00, What is 4 × 2 ?, 8, 8
2026-01-31T00:27:35.208795, advanced_fraction_comparison_hard, 0.88, 0.056, 0.00, Which is smaller: 4/9 or 1/2?, 4/9, 1/2
2026-01-31T00:27:37.854320, multiplication_choice, 1.84, 0.000, 1.00, What is 7 × 7 ?, 49, 49
2026-01-31T00:28:37.203825, multiplication_choice, 58.62, 1.000, 0.00, What is 7 × 7 ?, 49, 50
2026-01-31T00:28:38.572437, multiplication_choice, 0.65, 1.000, 0.00, What is 5 × 4 ?, 20, 19
2026-01-31T00:28:41.266078, multiplication_choice, 2.21, 0.000, 1.00, What is 2 × 4 ?, 8, 8
2026-01-31T00:28:49.713255, multiplication_choice, 7.73, 2.000, 0.00, What is 5 × 6 ?, 30, 32
2026-01-31T00:28:53.081761, advanced_fraction_comparison_hard, 2.26, 0.000, 1.00, Which is larger: 11/12 or 1/2?, 11/12, 11/12
2026-01-31T00:28:56.131654, multiplication_choice, 1.94, 2.000, 0.00, What is 6 × 6 ?, 36, 34
2026-01-31T00:29:01.809262, number_line, 5.09, 0.005, 1.00, Click where you think 0.16 is, 0.16, 0.155
2026-01-31T00:29:08.158305, multiplication_choice, 4.63, 0.000, 1.00, What is 5 × 6 ?, 30, 30
2026-01-31T00:29:10.419799, multiplication_choice, 1.43, 0.000, 1.00, What is 5 × 3 ?, 15, 15
2026-01-31T00:29:12.225452, multiplication_choice, 1.21, 0.000, 1.00, What is 5 × 4 ?, 20, 20
2026-01-31T00:29:13.771498, multiplication_choice, 1.03, 0.000, 1.00, What is 6 × 3 ?, 18, 18
2026-01-31T00:29:19.015875, number_line, 4.60, 0.000, 1.00, Click where you think 0.1 is, 0.1, 0.1
2026-01-31T00:29:26.496921, multiplication_choice, 2.02, 0.000, 1.00, What is 2 × 5 ?, 10, 10
2026-01-31T00:29:28.710405, multiplication_choice, 1.49, 0.000, 1.00, What is 4 × 3 ?, 12, 12
2026-01-31T00:29:37.015442, multiplication_choice, 7.71, 0.000, 1.00, What is 2 × 2 ?, 4, 4
2026-02-02T22:16:37.216281, multiplication_choice, 1181.10, 0.000, 1.00, What is 5 × 3 ?, 15, 15
2026-02-02T22:16:50.973751, multiplication_choice, 12.41, 0.000, 1.00, What is 5 × 3 ?, 15, 15
2026-02-02T22:17:00.775974, multiplication_choice, 8.48, 0.000, 1.00, What is 5 × 4 ?, 20, 20
2026-02-02T22:17:03.444662, number_line, 1.92, 0.038, 0.80, Click where you think 3/4 is, 0.75, 0.7883333333333333
2026-02-02T22:17:07.930292, fraction_comparison, 3.42, 0.611, 0.00, Which is smaller: 7/9 or 1/6?, 1/6, 7/9
2026-02-02T22:17:19.395504, multiplication_choice, 7.15, 0.000, 1.00, What is 4 × 2 ?, 8, 8
2026-02-02T22:17:21.391435, number_line, 1.06, 0.059, 0.60, Click where you think 11/14 is, 0.7857142857142857, 0.7266666666666667
2026-02-02T22:17:24.659227, multiplication_choice, 2.49, 0.000, 1.00, What is 3 × 2 ?, 6, 6
2026-02-02T22:18:01.482930, advanced_fraction_comparison_hard, 35.90, 0.000, 1.00, Which is larger: 1/2 or 1/4?, 1/2, 1/2
2026-02-02T22:18:05.455936, multiplication_choice, 1.90, 0.000, 1.00, What is 5 × 4 ?, 20, 20
2026-02-02T22:18:08.159473, advanced_fraction_comparison_hard, 1.70, 0.139, 0.00, Which is larger: 3/4 or 8/9?, 8/9, 3/4
2026-02-02T22:18:09.702776, multiplication_choice, 0.75, 3.000, 0.00, What is 3 × 4 ?, 12, 15
2026-02-02T22:18:12.959079, multiplication_choice, 2.22, 1.000, 0.00, What is 2 × 6 ?, 12, 11
2026-02-02T22:18:19.312088, advanced_fraction_comparison_hard, 5.45, 0.464, 0.00, Which is smaller: 2/7 or 3/4?, 2/7, 3/4
2026-02-02T22:19:25.827618, number_line, 65.05, 0.015, 0.80, Click where you think 0.43 is, 0.43, 0.445
2026-02-02T22:19:40.722868, number_line, 1.33, 0.310, 0.00, Click where you think 1/8 is, 0.125, 0.435
2026-02-02T22:19:43.348124, fraction_comparison, 1.38, 0.083, 0.00, Which is smaller: 3/4 or 5/6?, 3/4, 5/6
2026-02-02T22:19:48.889630, number_line, 4.50, 0.002, 1.00, Click where you think 1/2 is, 0.5, 0.5016666666666667
2026-02-02T22:19:52.795450, multiplication_choice, 1.99, 0.000, 1.00, What is 2 × 4 ?, 8, 8
2026-02-02T22:19:54.689764, fraction_comparison, 0.95, 0.000, 1.00, Which is smaller: 7/10 or 1/2?, 1/2, 1/2
2026-02-02T22:19:56.372412, advanced_fraction_comparison_hard, 0.86, 0.083, 0.00, Which is larger: 3/4 or 2/3?, 3/4, 2/3
2026-02-02T22:19:58.107238, fraction_comparison, 0.85, 0.000, 1.00, Which is larger: 2/5 or 2/3?, 2/3, 2/3
2026-02-02T22:20:00.472738, multiplication_choice, 1.19, 0.000, 1.00, What is 6 × 6 ?, 36, 36
2026-02-02T22:20:03.142647, multiplication_choice, 1.73, 0.000, 1.00, What is 3 × 2 ?, 6, 6
2026-02-02T22:20:07.825420, number_line, 3.75, 0.017, 0.80, Click where you think 0.67 is, 0.67, 0.6533333333333333
2026-02-02T22:20:16.190126, fraction_comparison, 6.22, 0.000, 1.00, Which is smaller: 7/9 or 5/9?, 5/9, 5/9
2026-02-02T22:20:20.403408, multiplication_choice, 3.37, 0.000, 1.00, What is 3 × 7 ?, 21, 21
2026-02-02T22:20:34.093312, fraction_comparison, 12.76, 0.000, 1.00, Which is smaller: 3/8 or 5/12?, 3/8, 3/8
2026-02-02T22:20:38.573888, fraction_comparison, 3.53, 0.000, 1.00, Which is smaller: 3/4 or 1/2?, 1/2, 1/2
2026-02-02T22:20:48.654381, advanced_fraction_comparison_hard, 9.39, 0.000, 1.00, Which is smaller: 1/9 or 1/7?, 1/9, 1/9
2026-02-02T22:20:57.236773, advanced_fraction_comparison_hard, 7.17, 0.111, 0.00, Which is smaller: 1/3 or 2/9?, 2/9, 1/3
2026-02-02T22:21:12.670558, multiplication_choice, 13.92, 0.000, 1.00, What is 2 × 5 ?, 10, 10
2026-02-02T22:21:35.009708, multiplication_choice, 18.54, 0.000, 1.00, What is 4 × 5 ?, 20, 20
2026-02-02T22:21:52.717789, number_line, 16.86, 0.119, 0.30, Click where you think 3/14 is, 0.21428571428571427, 0.3333333333333333
2026-02-02T22:22:08.661936, multiplication_choice, 13.06, 0.000, 1.00, What is 5 × 2 ?, 10, 10
2026-02-02T22:22:20.687222, multiplication_choice, 10.88, 0.000, 1.00, What is 5 × 5 ?, 25, 25
2026-02-02T22:22:24.582785, multiplication_choice, 2.18, 0.000, 1.00, What is 2 × 5 ?, 10, 10
2026-02-02T22:22:27.036839, advanced_fraction_comparison_hard, 1.71, 0.222, 0.00, Which is smaller: 1/9 or 1/3?, 1/9, 1/3
2026-02-02T22:22:31.118996, number_line, 2.38, 0.060, 0.60, Click where you think 5/6 is, 0.8333333333333334, 0.7733333333333333
2026-02-02T22:22:37.554078, multiplication_choice, 5.59, 0.000, 1.00, What is 4 × 3 ?, 12, 12
2026-02-02T22:22:39.466333, fraction_comparison, 0.89, 0.250, 0.00, Which is larger: 3/4 or 1/2?, 3/4, 1/2
2026-02-02T22:22:44.687312, advanced_fraction_comparison_hard, 3.87, 0.000, 1.00, Which is smaller: 1/2 or 1/6?, 1/6, 1/6
2026-02-02T22:22:48.442792, multiplication_choice, 2.51, 1.000, 0.00, What is 6 × 4 ?, 24, 23
2026-02-02T22:22:49.024829, multiplication_choice, 0.15, 0.000, 1.00, What is 5 × 2 ?, 10, 10
2026-02-02T22:22:50.654160, fraction_comparison, 1.48, 0.292, 0.00, Which is larger: 3/8 or 2/3?, 2/3, 3/8
2026-02-02T22:22:52.151564, multiplication_choice, 1.18, 2.000, 0.00, What is 3 × 5 ?, 15, 17
2026-02-02T22:22:52.334024, multiplication_choice, 0.00, 3.000, 0.00, What is 5 × 4 ?, 20, 23
2026-02-02T22:22:52.580579, multiplication_choice, 0.08, 2.000, 0.00, What is 5 × 3 ?, 15, 17
2026-02-02T22:22:53.197531, fraction_comparison, 0.48, 0.250, 0.00, Which is smaller: 1/2 or 1/4?, 1/4, 1/2
2026-02-02T22:22:53.398919, multiplication_choice, 0.07, 0.000, 1.00, What is 6 × 4 ?, 24, 24
2026-02-02T22:22:54.074834, fraction_comparison, 0.41, 0.000, 1.00, Which is larger: 7/8 or 2/3?, 7/8, 7/8
2026-02-02T22:22:55.599274, advanced_fraction_comparison_hard, 1.41, 0.036, 0.00, Which is smaller: 5/7 or 3/4?, 5/7, 3/4
2026-02-02T22:22:56.381246, multiplication_choice, 0.65, 3.000, 0.00, What is 3 × 5 ?, 15, 18
2026-02-02T22:22:56.649872, number_line, 0.25, 0.317, 0.00, Click where you think 0.52 is, 0.52, 0.20333333333333334
2026-02-02T22:22:58.334692, number_line, 0.83, 0.707, 0.00, Click where you think 10/11 is, 0.9090909090909091, 0.20166666666666666
2026-02-02T22:22:58.583129, number_line, 0.10, 0.665, 0.00, Click where you think 13/15 is, 0.8666666666666667, 0.20166666666666666
2026-02-02T22:22:59.135215, multiplication_choice, 0.40, 5.000, 0.00, What is 3 × 3 ?, 9, 14
2026-02-02T22:22:59.417602, advanced_fraction_comparison_hard, 0.08, 0.550, 0.00, Which is smaller: 1/4 or 4/5?, 1/4, 4/5
2026-02-02T22:22:59.684093, multiplication_choice, 0.07, 3.000, 0.00, What is 4 × 3 ?, 12, 9
2026-02-02T22:23:00.264569, fraction_comparison, 0.38, 0.583, 0.00, Which is larger: 1/3 or 11/12?, 11/12, 1/3
2026-02-02T22:23:00.828155, multiplication_choice, 0.35, 3.000, 0.00, What is 6 × 3 ?, 18, 15
2026-02-02T22:23:01.164723, number_line, 0.09, 0.327, 0.00, Click where you think 8/15 is, 0.5333333333333333, 0.20666666666666667
2026-02-02T22:23:01.445335, multiplication_choice, 0.07, 0.000, 1.00, What is 5 × 2 ?, 10, 10
2026-02-02T22:23:01.711199, multiplication_choice, 0.03, 2.000, 0.00, What is 4 × 3 ?, 12, 10
2026-02-02T22:23:02.261968, fraction_comparison, 0.30, 0.578, 0.00, Which is larger: 1/5 or 7/9?, 7/9, 1/5
2026-02-02T22:23:03.993694, multiplication_choice, 0.69, 2.000, 0.00, What is 3 × 5 ?, 15, 17
2026-02-02T22:23:07.117501, number_line, 2.13, 0.000, 1.00, Click where you think 0.44 is, 0.44, 0.44
2026-02-02T22:23:12.785264, multiplication_choice, 2.60, 5.000, 0.00, What is 7 × 6 ?, 42, 47
2026-02-02T22:23:17.873962, advanced_fraction_comparison_hard, 4.05, 0.000, 1.00, Which is smaller: 5/7 or 1/2?, 1/2, 1/2
2026-02-02T22:23:21.754627, fraction_comparison, 3.58, 0.000, 1.00, Which is smaller: 2/3 or 1/5?, 1/5, 1/5
2026-02-02T22:23:29.069158, advanced_fraction_comparison_hard, 6.36, 0.333, 0.00, Which is larger: 1/2 or 1/6?, 1/2, 1/6
2026-02-02T22:24:03.688797, multiplication_choice, 34.40, 0.000, 1.00, What is 3 × 6 ?, 18, 18
2026-02-02T22:24:18.289201, number_line, 10.06, 0.050, 0.60, Click where you think 0.75 is, 0.75, 0.8
2026-02-02T22:24:22.945016, advanced_fraction_comparison_hard, 2.54, 0.000, 1.00, Which is smaller: 2/3 or 5/7?, 2/3, 2/3
2026-02-02T22:24:23.641602, fraction_comparison, 0.35, 0.000, 1.00, Which is larger: 1/2 or 5/6?, 5/6, 5/6
2026-02-02T22:24:24.938354, multiplication_choice, 0.90, 1.000, 0.00, What is 2 × 2 ?, 4, 3
2026-02-02T22:24:25.967859, fraction_comparison, 0.36, 0.167, 0.00, Which is larger: 2/3 or 1/2?, 2/3, 1/2
2026-02-02T22:24:27.839164, fraction_comparison, 0.42, 0.000, 1.00, Which is larger: 1/6 or 1/2?, 1/2, 1/2
2026-02-02T22:24:28.771793, multiplication_choice, 0.48, 2.000, 0.00, What is 3 × 2 ?, 6, 4
2026-02-02T22:25:06.761827, multiplication_choice, 37.36, 0.000, 1.00, What is 6 × 6 ?, 36, 36
2026-02-02T22:25:17.819141, multiplication_choice, 8.81, 0.000, 1.00, What is 5 × 3 ?, 15, 15
2026-02-02T22:25:32.737422, advanced_fraction_comparison_hard, 12.89, 0.425, 0.00, Which is larger: 3/8 or 4/5?, 4/5, 3/8
2026-02-02T22:25:46.523357, advanced_fraction_comparison_hard, 9.04, 0.000, 1.00, Which is larger: 5/7 or 1/4?, 5/7, 5/7
2026-02-02T22:25:53.449313, multiplication_choice, 4.69, 3.000, 0.00, What is 3 × 4 ?, 12, 9
2026-02-02T22:26:02.039412, fraction_comparison, 6.29, 0.000, 1.00, Which is smaller: 1/2 or 5/9?, 1/2, 1/2
2026-02-02T22:26:12.406206, multiplication_choice, 8.96, 2.000, 0.00, What is 4 × 3 ?, 12, 14
2026-02-02T22:26:47.720302, multiplication_choice, 14.39, 0.000, 1.00, What is 5 × 7 ?, 35, 35
2026-02-02T22:27:12.379529, number_line, 12.49, 0.005, 1.00, Click where you think 0.48 is, 0.48, 0.475
2026-02-02T22:27:20.993452, fraction_comparison, 5.90, 0.067, 0.00, Which is larger: 2/3 or 3/5?, 2/3, 3/5
2026-02-02T22:27:35.683243, multiplication_choice, 11.94, 1.000, 0.00, What is 2 × 3 ?, 6, 5
2026-02-02T22:27:39.499923, multiplication_choice, 1.35, 3.000, 0.00, What is 2 × 2 ?, 4, 1
2026-02-02T22:27:43.320860, advanced_fraction_comparison_hard, 2.75, 0.133, 0.00, Which is larger: 1/5 or 1/3?, 1/3, 1/5
2026-02-02T22:28:03.481618, advanced_fraction_comparison_hard, 9.91, 0.000, 1.00, Which is larger: 7/8 or 2/3?, 7/8, 7/8
2026-02-02T22:28:13.368152, number_line, 8.24, 0.007, 1.00, Click where you think 0.62 is, 0.62, 0.6133333333333333
2026-02-02T22:28:30.297408, multiplication_choice, 12.70, 2.000, 0.00, What is 5 × 4 ?, 20, 18
2026-02-02T22:28:41.568029, fraction_comparison, 9.34, 0.000, 1.00, Which is larger: 3/4 or 1/2?, 3/4, 3/4
2026-02-02T22:28:47.491280, fraction_comparison, 3.61, 0.000, 1.00, Which is larger: 1/3 or 1/12?, 1/3, 1/3
2026-02-02T22:28:57.553309, multiplication_choice, 7.85, 5.000, 0.00, What is 3 × 2 ?, 6, 11
2026-02-02T22:33:03.874842, multiplication_choice, 18.66, 2.000, 0.00, What is 2 × 4 ?, 8, 10
2026-02-02T22:33:18.980024, multiplication_choice, 10.97, 2.000, 0.00, What is 6 × 3 ?, 18, 16
2026-02-02T22:33:31.142225, multiplication_choice, 8.03, 0.000, 1.00, What is 2 × 4 ?, 8, 8
2026-02-02T22:33:36.381681, multiplication_choice, 2.50, 0.000, 1.00, What is 2 × 2 ?, 4, 4
2026-02-02T22:33:48.546679, number_line, 11.02, 0.018, 0.80, Click where you think 0.31 is, 0.31, 0.3283333333333333
2026-02-02T22:34:06.992493, number_line, 11.06, 0.027, 0.80, Click where you think 0.86 is, 0.86, 0.8333333333333334
2026-02-02T22:34:15.458443, fraction_comparison, 3.29, 0.000, 1.00, Which is larger: 1/4 or 3/5?, 3/5, 3/5
2026-02-02T22:35:19.025435, number_line, 61.75, 0.060, 0.60, Click where you think 0.28 is, 0.28, 0.22
2026-02-02T22:35:34.107705, multiplication_choice, 7.15, 0.000, 1.00, What is 2 × 5 ?, 10, 10
2026-02-02T22:36:01.600044, fraction_comparison, 5.82, 0.000, 1.00, Which is larger: 11/12 or 5/6?, 11/12, 11/12
2026-02-02T22:36:16.596801, multiplication_choice, 12.87, 0.000, 1.00, What is 4 × 3 ?, 12, 12
2026-02-02T22:36:23.575853, multiplication_choice, 5.68, 3.000, 0.00, What is 5 × 4 ?, 20, 17
2026-02-02T22:36:35.174523, advanced_fraction_comparison_hard, 6.10, 0.000, 1.00, Which is smaller: 9/10 or 3/4?, 3/4, 3/4
2026-02-02T22:36:41.921169, fraction_comparison, 5.43, 0.000, 1.00, Which is larger: 1/3 or 1/4?, 1/3, 1/3
2026-02-02T22:36:56.946655, number_line, 12.12, 0.313, 0.00, Click where you think 5/6 is, 0.8333333333333334, 0.52
2026-02-02T22:37:09.305928, fraction_comparison, 6.23, 0.250, 0.00, Which is larger: 1/4 or 1/2?, 1/2, 1/4
2026-02-02T22:37:44.938837, number_line, 32.77, 0.147, 0.30, Click where you think 7/9 is, 0.7777777777777778, 0.925
2026-02-02T22:38:00.920969, multiplication_choice, 8.62, 1.000, 0.00, What is 4 × 3 ?, 12, 11
2026-02-02T22:38:08.221501, advanced_fraction_comparison_hard, 4.33, 0.000, 1.00, Which is larger: 9/10 or 3/4?, 9/10, 9/10
2026-02-02T22:38:16.413983, multiplication_choice, 6.57, 0.000, 1.00, What is 3 × 4 ?, 12, 12
2026-02-02T22:38:28.889539, multiplication_choice, 9.00, 2.000, 0.00, What is 5 × 3 ?, 15, 17
2026-02-02T22:39:12.366572, advanced_fraction_comparison_hard, 39.43, 0.250, 0.00, Which is smaller: 1/2 or 3/4?, 1/2, 3/4
